2023-05-30 15:01:39.711  INFO 7640 --- [main] c.e.c.EcaApartmentCatalogApplication     : Starting EcaApartmentCatalogApplication using Java 11.0.18 on DESKTOP-V4J4I06 with PID 7640 (C:\projects\eca-apartment-catalog\eca-apartment-catalog\target\classes started by mhirf in C:\projects\eca-apartment-catalog\eca-apartment-catalog)
2023-05-30 15:01:39.719  INFO 7640 --- [main] c.e.c.EcaApartmentCatalogApplication     : No active profile set, falling back to 1 default profile: "default"
2023-05-30 15:01:41.258  INFO 7640 --- [main] .s.d.r.c.RepositoryConfigurationDelegate : Bootstrapping Spring Data JPA repositories in DEFAULT mode.
2023-05-30 15:01:41.279  INFO 7640 --- [main] .s.d.r.c.RepositoryConfigurationDelegate : Finished Spring Data repository scanning in 8 ms. Found 0 JPA repository interfaces.
2023-05-30 15:01:41.839  INFO 7640 --- [main] o.s.cloud.context.scope.GenericScope     : BeanFactory id=6ca0c5e2-c51b-3f85-9c8a-5e27092f78ae
2023-05-30 15:01:42.870  INFO 7640 --- [main] o.s.b.w.embedded.tomcat.TomcatWebServer  : Tomcat initialized with port(s): 8080 (http)
2023-05-30 15:01:42.907  INFO 7640 --- [main] o.apache.catalina.core.StandardService   : Starting service [Tomcat]
2023-05-30 15:01:42.907  INFO 7640 --- [main] org.apache.catalina.core.StandardEngine  : Starting Servlet engine: [Apache Tomcat/9.0.75]
2023-05-30 15:01:44.282  INFO 7640 --- [main] o.a.c.c.C.[Tomcat].[localhost].[/]       : Initializing Spring embedded WebApplicationContext
2023-05-30 15:01:44.283  INFO 7640 --- [main] w.s.c.ServletWebServerApplicationContext : Root WebApplicationContext: initialization completed in 4429 ms
2023-05-30 15:01:44.592  INFO 7640 --- [main] com.zaxxer.hikari.HikariDataSource       : HikariPool-1 - Starting...
2023-05-30 15:01:45.126  INFO 7640 --- [main] com.zaxxer.hikari.HikariDataSource       : HikariPool-1 - Start completed.
2023-05-30 15:01:45.266  INFO 7640 --- [main] o.hibernate.jpa.internal.util.LogHelper  : HHH000204: Processing PersistenceUnitInfo [name: default]
2023-05-30 15:01:45.417  INFO 7640 --- [main] org.hibernate.Version                    : HHH000412: Hibernate ORM core version 5.6.15.Final
2023-05-30 15:01:45.827  INFO 7640 --- [main] o.hibernate.annotations.common.Version   : HCANN000001: Hibernate Commons Annotations {5.1.2.Final}
2023-05-30 15:01:46.078  INFO 7640 --- [main] org.hibernate.dialect.Dialect            : HHH000400: Using dialect: org.hibernate.dialect.H2Dialect
2023-05-30 15:01:46.705  INFO 7640 --- [main] o.h.e.t.j.p.i.JtaPlatformInitiator       : HHH000490: Using JtaPlatform implementation: [org.hibernate.engine.transaction.jta.platform.internal.NoJtaPlatform]
2023-05-30 15:01:46.726  INFO 7640 --- [main] j.LocalContainerEntityManagerFactoryBean : Initialized JPA EntityManagerFactory for persistence unit 'default'
2023-05-30 15:01:46.792  WARN 7640 --- [main] JpaBaseConfiguration$JpaWebConfiguration : spring.jpa.open-in-view is enabled by default. Therefore, database queries may be performed during view rendering. Explicitly configure spring.jpa.open-in-view to disable this warning
2023-05-30 15:01:48.141  INFO 7640 --- [main] DiscoveryClientOptionalArgsConfiguration : Eureka HTTP Client uses RestTemplate.
2023-05-30 15:01:48.732  WARN 7640 --- [main] iguration$LoadBalancerCaffeineWarnLogger : Spring Cloud LoadBalancer is currently working with the default cache. While this cache implementation is useful for development and tests, it's recommended to use Caffeine cache in production.You can switch to using Caffeine cache, by adding it and org.springframework.cache.caffeine.CaffeineCacheManager to the classpath.
2023-05-30 15:01:48.835  INFO 7640 --- [main] o.s.c.n.eureka.InstanceInfoFactory       : Setting initial instance status as: STARTING
2023-05-30 15:01:48.919  INFO 7640 --- [main] com.netflix.discovery.DiscoveryClient    : Initializing Eureka in region us-east-1
2023-05-30 15:01:48.945  INFO 7640 --- [main] c.n.d.s.r.aws.ConfigClusterResolver      : Resolving eureka endpoints via configuration
2023-05-30 15:01:49.466  INFO 7640 --- [main] com.netflix.discovery.DiscoveryClient    : Disable delta property : false
2023-05-30 15:01:49.466  INFO 7640 --- [main] com.netflix.discovery.DiscoveryClient    : Single vip registry refresh property : null
2023-05-30 15:01:49.467  INFO 7640 --- [main] com.netflix.discovery.DiscoveryClient    : Force full registry fetch : false
2023-05-30 15:01:49.467  INFO 7640 --- [main] com.netflix.discovery.DiscoveryClient    : Application is null : false
2023-05-30 15:01:49.467  INFO 7640 --- [main] com.netflix.discovery.DiscoveryClient    : Registered Applications size is zero : true
2023-05-30 15:01:49.467  INFO 7640 --- [main] com.netflix.discovery.DiscoveryClient    : Application version is -1: true
2023-05-30 15:01:49.468  INFO 7640 --- [main] com.netflix.discovery.DiscoveryClient    : Getting all instance registry info from the eureka server
2023-05-30 15:01:55.581  INFO 7640 --- [main] com.netflix.discovery.DiscoveryClient    : The response status is 200
2023-05-30 15:01:55.587  INFO 7640 --- [main] com.netflix.discovery.DiscoveryClient    : Starting heartbeat executor: renew interval is: 30
2023-05-30 15:01:55.595  INFO 7640 --- [main] c.n.discovery.InstanceInfoReplicator     : InstanceInfoReplicator onDemand update allowed rate per min is 4
2023-05-30 15:01:55.651  INFO 7640 --- [main] com.netflix.discovery.DiscoveryClient    : Discovery Client initialized at timestamp 1685439115605 with initial instances count: 1
2023-05-30 15:01:55.657  INFO 7640 --- [main] o.s.c.n.e.s.EurekaServiceRegistry        : Registering application CATALOG-SERVICE with eureka with status UP
2023-05-30 15:01:55.658  INFO 7640 --- [main] com.netflix.discovery.DiscoveryClient    : Saw local status change event StatusChangeEvent [timestamp=1685439115658, current=UP, previous=STARTING]
2023-05-30 15:01:55.661  INFO 7640 --- [DiscoveryClient-InstanceInfoReplicator-0] com.netflix.discovery.DiscoveryClient    : DiscoveryClient_CATALOG-SERVICE/host.docker.internal:catalog-service: registering service...
2023-05-30 15:01:56.036  INFO 7640 --- [DiscoveryClient-InstanceInfoReplicator-0] com.netflix.discovery.DiscoveryClient    : DiscoveryClient_CATALOG-SERVICE/host.docker.internal:catalog-service - registration status: 204
2023-05-30 15:01:56.100  INFO 7640 --- [main] o.s.b.w.embedded.tomcat.TomcatWebServer  : Tomcat started on port(s): 8080 (http) with context path ''
2023-05-30 15:01:56.102  INFO 7640 --- [main] .s.c.n.e.s.EurekaAutoServiceRegistration : Updating port to 8080
2023-05-30 15:01:56.677  INFO 7640 --- [main] c.e.c.EcaApartmentCatalogApplication     : Started EcaApartmentCatalogApplication in 18.793 seconds (JVM running for 23.939)
2023-05-30 15:02:57.561  INFO 7640 --- [http-nio-8080-exec-2] o.a.c.c.C.[Tomcat].[localhost].[/]       : Initializing Spring DispatcherServlet 'dispatcherServlet'
2023-05-30 15:02:57.563  INFO 7640 --- [http-nio-8080-exec-2] o.s.web.servlet.DispatcherServlet        : Initializing Servlet 'dispatcherServlet'
2023-05-30 15:02:57.572  INFO 7640 --- [http-nio-8080-exec-2] o.s.web.servlet.DispatcherServlet        : Completed initialization in 6 ms
2023-05-30 15:02:59.205  INFO 7640 --- [http-nio-8080-exec-2] c.e.c.controller.CatalogController       : logging successful
2023-05-30 15:03:05.997  INFO 7640 --- [http-nio-8080-exec-5] c.e.c.controller.CatalogController       : logging successful
2023-05-30 15:06:49.486  INFO 7640 --- [AsyncResolver-bootstrap-executor-0] c.n.d.s.r.aws.ConfigClusterResolver      : Resolving eureka endpoints via configuration
2023-05-30 15:11:49.500  INFO 7640 --- [AsyncResolver-bootstrap-executor-0] c.n.d.s.r.aws.ConfigClusterResolver      : Resolving eureka endpoints via configuration
2023-05-30 15:16:49.514  INFO 7640 --- [AsyncResolver-bootstrap-executor-0] c.n.d.s.r.aws.ConfigClusterResolver      : Resolving eureka endpoints via configuration
2023-05-30 15:21:49.521  INFO 7640 --- [AsyncResolver-bootstrap-executor-0] c.n.d.s.r.aws.ConfigClusterResolver      : Resolving eureka endpoints via configuration
2023-05-30 15:26:49.536  INFO 7640 --- [AsyncResolver-bootstrap-executor-0] c.n.d.s.r.aws.ConfigClusterResolver      : Resolving eureka endpoints via configuration
2023-05-30 15:31:49.544  INFO 7640 --- [AsyncResolver-bootstrap-executor-0] c.n.d.s.r.aws.ConfigClusterResolver      : Resolving eureka endpoints via configuration
