{"@timestamp":"2023-06-21T18:47:45.035+05:30","@version":"1","message":"Starting EcaApartmentCatalogApplication using Java 11.0.18 on WKWZTDXnFQOEVlg with PID 16388 (C:\\Projects\\ECA-ws\\eca\\eca-apartment-catalog\\target\\classes started by mohkhazi in C:\\Projects\\ECA-ws\\eca\\eca-discovery)","logger_name":"com.eca.catalog.EcaApartmentCatalogApplication","thread_name":"main","level":"INFO","level_value":20000}
{"@timestamp":"2023-06-21T18:47:45.055+05:30","@version":"1","message":"The following 1 profile is active: \"dev\"","logger_name":"com.eca.catalog.EcaApartmentCatalogApplication","thread_name":"main","level":"INFO","level_value":20000}
{"@timestamp":"2023-06-21T18:47:47.383+05:30","@version":"1","message":"Bootstrapping Spring Data JPA repositories in DEFAULT mode.","logger_name":"org.springframework.data.repository.config.RepositoryConfigurationDelegate","thread_name":"main","level":"INFO","level_value":20000}
{"@timestamp":"2023-06-21T18:47:47.726+05:30","@version":"1","message":"Finished Spring Data repository scanning in 325 ms. Found 2 JPA repository interfaces.","logger_name":"org.springframework.data.repository.config.RepositoryConfigurationDelegate","thread_name":"main","level":"INFO","level_value":20000}
{"@timestamp":"2023-06-21T18:47:48.281+05:30","@version":"1","message":"BeanFactory id=65ec184e-b99c-3927-a65d-0781dac64e44","logger_name":"org.springframework.cloud.context.scope.GenericScope","thread_name":"main","level":"INFO","level_value":20000}
{"@timestamp":"2023-06-21T18:47:49.739+05:30","@version":"1","message":"Tomcat initialized with port(s): 6092 (http)","logger_name":"org.springframework.boot.web.embedded.tomcat.TomcatWebServer","thread_name":"main","level":"INFO","level_value":20000}
{"@timestamp":"2023-06-21T18:47:49.754+05:30","@version":"1","message":"Starting service [Tomcat]","logger_name":"org.apache.catalina.core.StandardService","thread_name":"main","level":"INFO","level_value":20000}
{"@timestamp":"2023-06-21T18:47:49.755+05:30","@version":"1","message":"Starting Servlet engine: [Apache Tomcat/9.0.76]","logger_name":"org.apache.catalina.core.StandardEngine","thread_name":"main","level":"INFO","level_value":20000}
{"@timestamp":"2023-06-21T18:47:50.087+05:30","@version":"1","message":"Initializing Spring embedded WebApplicationContext","logger_name":"org.apache.catalina.core.ContainerBase.[Tomcat].[localhost].[/]","thread_name":"main","level":"INFO","level_value":20000}
{"@timestamp":"2023-06-21T18:47:50.087+05:30","@version":"1","message":"Root WebApplicationContext: initialization completed in 4853 ms","logger_name":"org.springframework.boot.web.servlet.context.ServletWebServerApplicationContext","thread_name":"main","level":"INFO","level_value":20000}
{"@timestamp":"2023-06-21T18:47:50.370+05:30","@version":"1","message":"HikariPool-1 - Starting...","logger_name":"com.zaxxer.hikari.HikariDataSource","thread_name":"main","level":"INFO","level_value":20000}
{"@timestamp":"2023-06-21T18:47:50.775+05:30","@version":"1","message":"HikariPool-1 - Start completed.","logger_name":"com.zaxxer.hikari.HikariDataSource","thread_name":"main","level":"INFO","level_value":20000}
{"@timestamp":"2023-06-21T18:47:50.802+05:30","@version":"1","message":"H2 console available at '/h2-console'. Database available at 'jdbc:h2:mem:ecacatalog'","logger_name":"org.springframework.boot.autoconfigure.h2.H2ConsoleAutoConfiguration","thread_name":"main","level":"INFO","level_value":20000}
{"@timestamp":"2023-06-21T18:47:51.188+05:30","@version":"1","message":"HHH000204: Processing PersistenceUnitInfo [name: default]","logger_name":"org.hibernate.jpa.internal.util.LogHelper","thread_name":"main","level":"INFO","level_value":20000}
{"@timestamp":"2023-06-21T18:47:51.275+05:30","@version":"1","message":"HHH000412: Hibernate ORM core version 5.6.15.Final","logger_name":"org.hibernate.Version","thread_name":"main","level":"INFO","level_value":20000}
{"@timestamp":"2023-06-21T18:47:51.629+05:30","@version":"1","message":"HCANN000001: Hibernate Commons Annotations {5.1.2.Final}","logger_name":"org.hibernate.annotations.common.Version","thread_name":"main","level":"INFO","level_value":20000}
{"@timestamp":"2023-06-21T18:47:51.678+05:30","@version":"1","message":"Adding type registration boolean -> org.hibernate.type.BooleanType@33765d22","logger_name":"org.hibernate.type.BasicTypeRegistry","thread_name":"main","level":"DEBUG","level_value":10000}
{"@timestamp":"2023-06-21T18:47:51.679+05:30","@version":"1","message":"Adding type registration boolean -> org.hibernate.type.BooleanType@33765d22","logger_name":"org.hibernate.type.BasicTypeRegistry","thread_name":"main","level":"DEBUG","level_value":10000}
{"@timestamp":"2023-06-21T18:47:51.680+05:30","@version":"1","message":"Adding type registration java.lang.Boolean -> org.hibernate.type.BooleanType@33765d22","logger_name":"org.hibernate.type.BasicTypeRegistry","thread_name":"main","level":"DEBUG","level_value":10000}
{"@timestamp":"2023-06-21T18:47:51.681+05:30","@version":"1","message":"Adding type registration numeric_boolean -> org.hibernate.type.NumericBooleanType@5d00b469","logger_name":"org.hibernate.type.BasicTypeRegistry","thread_name":"main","level":"DEBUG","level_value":10000}
{"@timestamp":"2023-06-21T18:47:51.684+05:30","@version":"1","message":"Adding type registration true_false -> org.hibernate.type.TrueFalseType@c29b0dc","logger_name":"org.hibernate.type.BasicTypeRegistry","thread_name":"main","level":"DEBUG","level_value":10000}
{"@timestamp":"2023-06-21T18:47:51.685+05:30","@version":"1","message":"Adding type registration yes_no -> org.hibernate.type.YesNoType@59cde35","logger_name":"org.hibernate.type.BasicTypeRegistry","thread_name":"main","level":"DEBUG","level_value":10000}
{"@timestamp":"2023-06-21T18:47:51.689+05:30","@version":"1","message":"Adding type registration byte -> org.hibernate.type.ByteType@671f545b","logger_name":"org.hibernate.type.BasicTypeRegistry","thread_name":"main","level":"DEBUG","level_value":10000}
{"@timestamp":"2023-06-21T18:47:51.690+05:30","@version":"1","message":"Adding type registration byte -> org.hibernate.type.ByteType@671f545b","logger_name":"org.hibernate.type.BasicTypeRegistry","thread_name":"main","level":"DEBUG","level_value":10000}
{"@timestamp":"2023-06-21T18:47:51.694+05:30","@version":"1","message":"Adding type registration java.lang.Byte -> org.hibernate.type.ByteType@671f545b","logger_name":"org.hibernate.type.BasicTypeRegistry","thread_name":"main","level":"DEBUG","level_value":10000}
{"@timestamp":"2023-06-21T18:47:51.696+05:30","@version":"1","message":"Adding type registration character -> org.hibernate.type.CharacterType@3a8ead9","logger_name":"org.hibernate.type.BasicTypeRegistry","thread_name":"main","level":"DEBUG","level_value":10000}
{"@timestamp":"2023-06-21T18:47:51.696+05:30","@version":"1","message":"Adding type registration char -> org.hibernate.type.CharacterType@3a8ead9","logger_name":"org.hibernate.type.BasicTypeRegistry","thread_name":"main","level":"DEBUG","level_value":10000}
{"@timestamp":"2023-06-21T18:47:51.697+05:30","@version":"1","message":"Adding type registration java.lang.Character -> org.hibernate.type.CharacterType@3a8ead9","logger_name":"org.hibernate.type.BasicTypeRegistry","thread_name":"main","level":"DEBUG","level_value":10000}
{"@timestamp":"2023-06-21T18:47:51.698+05:30","@version":"1","message":"Adding type registration short -> org.hibernate.type.ShortType@a859c5","logger_name":"org.hibernate.type.BasicTypeRegistry","thread_name":"main","level":"DEBUG","level_value":10000}
{"@timestamp":"2023-06-21T18:47:51.699+05:30","@version":"1","message":"Adding type registration short -> org.hibernate.type.ShortType@a859c5","logger_name":"org.hibernate.type.BasicTypeRegistry","thread_name":"main","level":"DEBUG","level_value":10000}
{"@timestamp":"2023-06-21T18:47:51.700+05:30","@version":"1","message":"Adding type registration java.lang.Short -> org.hibernate.type.ShortType@a859c5","logger_name":"org.hibernate.type.BasicTypeRegistry","thread_name":"main","level":"DEBUG","level_value":10000}
{"@timestamp":"2023-06-21T18:47:51.702+05:30","@version":"1","message":"Adding type registration integer -> org.hibernate.type.IntegerType@788a0513","logger_name":"org.hibernate.type.BasicTypeRegistry","thread_name":"main","level":"DEBUG","level_value":10000}
{"@timestamp":"2023-06-21T18:47:51.703+05:30","@version":"1","message":"Adding type registration int -> org.hibernate.type.IntegerType@788a0513","logger_name":"org.hibernate.type.BasicTypeRegistry","thread_name":"main","level":"DEBUG","level_value":10000}
{"@timestamp":"2023-06-21T18:47:51.704+05:30","@version":"1","message":"Adding type registration java.lang.Integer -> org.hibernate.type.IntegerType@788a0513","logger_name":"org.hibernate.type.BasicTypeRegistry","thread_name":"main","level":"DEBUG","level_value":10000}
{"@timestamp":"2023-06-21T18:47:51.706+05:30","@version":"1","message":"Adding type registration long -> org.hibernate.type.LongType@10301d6f","logger_name":"org.hibernate.type.BasicTypeRegistry","thread_name":"main","level":"DEBUG","level_value":10000}
{"@timestamp":"2023-06-21T18:47:51.707+05:30","@version":"1","message":"Adding type registration long -> org.hibernate.type.LongType@10301d6f","logger_name":"org.hibernate.type.BasicTypeRegistry","thread_name":"main","level":"DEBUG","level_value":10000}
{"@timestamp":"2023-06-21T18:47:51.707+05:30","@version":"1","message":"Adding type registration java.lang.Long -> org.hibernate.type.LongType@10301d6f","logger_name":"org.hibernate.type.BasicTypeRegistry","thread_name":"main","level":"DEBUG","level_value":10000}
{"@timestamp":"2023-06-21T18:47:51.709+05:30","@version":"1","message":"Adding type registration float -> org.hibernate.type.FloatType@8ecc457","logger_name":"org.hibernate.type.BasicTypeRegistry","thread_name":"main","level":"DEBUG","level_value":10000}
{"@timestamp":"2023-06-21T18:47:51.709+05:30","@version":"1","message":"Adding type registration float -> org.hibernate.type.FloatType@8ecc457","logger_name":"org.hibernate.type.BasicTypeRegistry","thread_name":"main","level":"DEBUG","level_value":10000}
{"@timestamp":"2023-06-21T18:47:51.709+05:30","@version":"1","message":"Adding type registration java.lang.Float -> org.hibernate.type.FloatType@8ecc457","logger_name":"org.hibernate.type.BasicTypeRegistry","thread_name":"main","level":"DEBUG","level_value":10000}
{"@timestamp":"2023-06-21T18:47:51.711+05:30","@version":"1","message":"Adding type registration double -> org.hibernate.type.DoubleType@4d2bc56a","logger_name":"org.hibernate.type.BasicTypeRegistry","thread_name":"main","level":"DEBUG","level_value":10000}
{"@timestamp":"2023-06-21T18:47:51.712+05:30","@version":"1","message":"Adding type registration double -> org.hibernate.type.DoubleType@4d2bc56a","logger_name":"org.hibernate.type.BasicTypeRegistry","thread_name":"main","level":"DEBUG","level_value":10000}
{"@timestamp":"2023-06-21T18:47:51.712+05:30","@version":"1","message":"Adding type registration java.lang.Double -> org.hibernate.type.DoubleType@4d2bc56a","logger_name":"org.hibernate.type.BasicTypeRegistry","thread_name":"main","level":"DEBUG","level_value":10000}
{"@timestamp":"2023-06-21T18:47:51.714+05:30","@version":"1","message":"Adding type registration big_decimal -> org.hibernate.type.BigDecimalType@628bcf2c","logger_name":"org.hibernate.type.BasicTypeRegistry","thread_name":"main","level":"DEBUG","level_value":10000}
{"@timestamp":"2023-06-21T18:47:51.715+05:30","@version":"1","message":"Adding type registration java.math.BigDecimal -> org.hibernate.type.BigDecimalType@628bcf2c","logger_name":"org.hibernate.type.BasicTypeRegistry","thread_name":"main","level":"DEBUG","level_value":10000}
{"@timestamp":"2023-06-21T18:47:51.716+05:30","@version":"1","message":"Adding type registration big_integer -> org.hibernate.type.BigIntegerType@283ecb4b","logger_name":"org.hibernate.type.BasicTypeRegistry","thread_name":"main","level":"DEBUG","level_value":10000}
{"@timestamp":"2023-06-21T18:47:51.717+05:30","@version":"1","message":"Adding type registration java.math.BigInteger -> org.hibernate.type.BigIntegerType@283ecb4b","logger_name":"org.hibernate.type.BasicTypeRegistry","thread_name":"main","level":"DEBUG","level_value":10000}
{"@timestamp":"2023-06-21T18:47:51.719+05:30","@version":"1","message":"Adding type registration string -> org.hibernate.type.StringType@59929ac","logger_name":"org.hibernate.type.BasicTypeRegistry","thread_name":"main","level":"DEBUG","level_value":10000}
{"@timestamp":"2023-06-21T18:47:51.719+05:30","@version":"1","message":"Adding type registration java.lang.String -> org.hibernate.type.StringType@59929ac","logger_name":"org.hibernate.type.BasicTypeRegistry","thread_name":"main","level":"DEBUG","level_value":10000}
{"@timestamp":"2023-06-21T18:47:51.720+05:30","@version":"1","message":"Adding type registration nstring -> org.hibernate.type.StringNVarcharType@2ac3d530","logger_name":"org.hibernate.type.BasicTypeRegistry","thread_name":"main","level":"DEBUG","level_value":10000}
{"@timestamp":"2023-06-21T18:47:51.721+05:30","@version":"1","message":"Adding type registration ncharacter -> org.hibernate.type.CharacterNCharType@239d73ff","logger_name":"org.hibernate.type.BasicTypeRegistry","thread_name":"main","level":"DEBUG","level_value":10000}
{"@timestamp":"2023-06-21T18:47:51.723+05:30","@version":"1","message":"Adding type registration url -> org.hibernate.type.UrlType@3c17794e","logger_name":"org.hibernate.type.BasicTypeRegistry","thread_name":"main","level":"DEBUG","level_value":10000}
{"@timestamp":"2023-06-21T18:47:51.724+05:30","@version":"1","message":"Adding type registration java.net.URL -> org.hibernate.type.UrlType@3c17794e","logger_name":"org.hibernate.type.BasicTypeRegistry","thread_name":"main","level":"DEBUG","level_value":10000}
{"@timestamp":"2023-06-21T18:47:51.725+05:30","@version":"1","message":"Adding type registration Duration -> org.hibernate.type.DurationType@3d8fd373","logger_name":"org.hibernate.type.BasicTypeRegistry","thread_name":"main","level":"DEBUG","level_value":10000}
{"@timestamp":"2023-06-21T18:47:51.725+05:30","@version":"1","message":"Adding type registration java.time.Duration -> org.hibernate.type.DurationType@3d8fd373","logger_name":"org.hibernate.type.BasicTypeRegistry","thread_name":"main","level":"DEBUG","level_value":10000}
{"@timestamp":"2023-06-21T18:47:51.727+05:30","@version":"1","message":"Adding type registration Instant -> org.hibernate.type.InstantType@1b994617","logger_name":"org.hibernate.type.BasicTypeRegistry","thread_name":"main","level":"DEBUG","level_value":10000}
{"@timestamp":"2023-06-21T18:47:51.728+05:30","@version":"1","message":"Adding type registration java.time.Instant -> org.hibernate.type.InstantType@1b994617","logger_name":"org.hibernate.type.BasicTypeRegistry","thread_name":"main","level":"DEBUG","level_value":10000}
{"@timestamp":"2023-06-21T18:47:51.730+05:30","@version":"1","message":"Adding type registration LocalDateTime -> org.hibernate.type.LocalDateTimeType@4b2acb12","logger_name":"org.hibernate.type.BasicTypeRegistry","thread_name":"main","level":"DEBUG","level_value":10000}
{"@timestamp":"2023-06-21T18:47:51.731+05:30","@version":"1","message":"Adding type registration java.time.LocalDateTime -> org.hibernate.type.LocalDateTimeType@4b2acb12","logger_name":"org.hibernate.type.BasicTypeRegistry","thread_name":"main","level":"DEBUG","level_value":10000}
{"@timestamp":"2023-06-21T18:47:51.733+05:30","@version":"1","message":"Adding type registration LocalDate -> org.hibernate.type.LocalDateType@675230cd","logger_name":"org.hibernate.type.BasicTypeRegistry","thread_name":"main","level":"DEBUG","level_value":10000}
{"@timestamp":"2023-06-21T18:47:51.734+05:30","@version":"1","message":"Adding type registration java.time.LocalDate -> org.hibernate.type.LocalDateType@675230cd","logger_name":"org.hibernate.type.BasicTypeRegistry","thread_name":"main","level":"DEBUG","level_value":10000}
{"@timestamp":"2023-06-21T18:47:51.736+05:30","@version":"1","message":"Adding type registration LocalTime -> org.hibernate.type.LocalTimeType@383e6734","logger_name":"org.hibernate.type.BasicTypeRegistry","thread_name":"main","level":"DEBUG","level_value":10000}
{"@timestamp":"2023-06-21T18:47:51.737+05:30","@version":"1","message":"Adding type registration java.time.LocalTime -> org.hibernate.type.LocalTimeType@383e6734","logger_name":"org.hibernate.type.BasicTypeRegistry","thread_name":"main","level":"DEBUG","level_value":10000}
{"@timestamp":"2023-06-21T18:47:51.739+05:30","@version":"1","message":"Adding type registration OffsetDateTime -> org.hibernate.type.OffsetDateTimeType@282c5075","logger_name":"org.hibernate.type.BasicTypeRegistry","thread_name":"main","level":"DEBUG","level_value":10000}
{"@timestamp":"2023-06-21T18:47:51.740+05:30","@version":"1","message":"Adding type registration java.time.OffsetDateTime -> org.hibernate.type.OffsetDateTimeType@282c5075","logger_name":"org.hibernate.type.BasicTypeRegistry","thread_name":"main","level":"DEBUG","level_value":10000}
{"@timestamp":"2023-06-21T18:47:51.743+05:30","@version":"1","message":"Adding type registration OffsetTime -> org.hibernate.type.OffsetTimeType@4b475742","logger_name":"org.hibernate.type.BasicTypeRegistry","thread_name":"main","level":"DEBUG","level_value":10000}
{"@timestamp":"2023-06-21T18:47:51.744+05:30","@version":"1","message":"Adding type registration java.time.OffsetTime -> org.hibernate.type.OffsetTimeType@4b475742","logger_name":"org.hibernate.type.BasicTypeRegistry","thread_name":"main","level":"DEBUG","level_value":10000}
{"@timestamp":"2023-06-21T18:47:51.747+05:30","@version":"1","message":"Adding type registration ZonedDateTime -> org.hibernate.type.ZonedDateTimeType@f9de1fd","logger_name":"org.hibernate.type.BasicTypeRegistry","thread_name":"main","level":"DEBUG","level_value":10000}
{"@timestamp":"2023-06-21T18:47:51.748+05:30","@version":"1","message":"Adding type registration java.time.ZonedDateTime -> org.hibernate.type.ZonedDateTimeType@f9de1fd","logger_name":"org.hibernate.type.BasicTypeRegistry","thread_name":"main","level":"DEBUG","level_value":10000}
{"@timestamp":"2023-06-21T18:47:51.750+05:30","@version":"1","message":"Adding type registration date -> org.hibernate.type.DateType@48144f1a","logger_name":"org.hibernate.type.BasicTypeRegistry","thread_name":"main","level":"DEBUG","level_value":10000}
{"@timestamp":"2023-06-21T18:47:51.751+05:30","@version":"1","message":"Adding type registration java.sql.Date -> org.hibernate.type.DateType@48144f1a","logger_name":"org.hibernate.type.BasicTypeRegistry","thread_name":"main","level":"DEBUG","level_value":10000}
{"@timestamp":"2023-06-21T18:47:51.753+05:30","@version":"1","message":"Adding type registration time -> org.hibernate.type.TimeType@4be1dce6","logger_name":"org.hibernate.type.BasicTypeRegistry","thread_name":"main","level":"DEBUG","level_value":10000}
{"@timestamp":"2023-06-21T18:47:51.754+05:30","@version":"1","message":"Adding type registration java.sql.Time -> org.hibernate.type.TimeType@4be1dce6","logger_name":"org.hibernate.type.BasicTypeRegistry","thread_name":"main","level":"DEBUG","level_value":10000}
{"@timestamp":"2023-06-21T18:47:51.756+05:30","@version":"1","message":"Adding type registration timestamp -> org.hibernate.type.TimestampType@de63949","logger_name":"org.hibernate.type.BasicTypeRegistry","thread_name":"main","level":"DEBUG","level_value":10000}
{"@timestamp":"2023-06-21T18:47:51.756+05:30","@version":"1","message":"Adding type registration java.sql.Timestamp -> org.hibernate.type.TimestampType@de63949","logger_name":"org.hibernate.type.BasicTypeRegistry","thread_name":"main","level":"DEBUG","level_value":10000}
{"@timestamp":"2023-06-21T18:47:51.757+05:30","@version":"1","message":"Adding type registration java.util.Date -> org.hibernate.type.TimestampType@de63949","logger_name":"org.hibernate.type.BasicTypeRegistry","thread_name":"main","level":"DEBUG","level_value":10000}
{"@timestamp":"2023-06-21T18:47:51.758+05:30","@version":"1","message":"Adding type registration dbtimestamp -> org.hibernate.type.DbTimestampType@a2fb8a5","logger_name":"org.hibernate.type.BasicTypeRegistry","thread_name":"main","level":"DEBUG","level_value":10000}
{"@timestamp":"2023-06-21T18:47:51.761+05:30","@version":"1","message":"Adding type registration calendar -> org.hibernate.type.CalendarType@bcd9ed6","logger_name":"org.hibernate.type.BasicTypeRegistry","thread_name":"main","level":"DEBUG","level_value":10000}
{"@timestamp":"2023-06-21T18:47:51.762+05:30","@version":"1","message":"Adding type registration java.util.Calendar -> org.hibernate.type.CalendarType@bcd9ed6","logger_name":"org.hibernate.type.BasicTypeRegistry","thread_name":"main","level":"DEBUG","level_value":10000}
{"@timestamp":"2023-06-21T18:47:51.762+05:30","@version":"1","message":"Adding type registration java.util.GregorianCalendar -> org.hibernate.type.CalendarType@bcd9ed6","logger_name":"org.hibernate.type.BasicTypeRegistry","thread_name":"main","level":"DEBUG","level_value":10000}
{"@timestamp":"2023-06-21T18:47:51.763+05:30","@version":"1","message":"Adding type registration calendar_date -> org.hibernate.type.CalendarDateType@2c978637","logger_name":"org.hibernate.type.BasicTypeRegistry","thread_name":"main","level":"DEBUG","level_value":10000}
{"@timestamp":"2023-06-21T18:47:51.765+05:30","@version":"1","message":"Adding type registration calendar_time -> org.hibernate.type.CalendarTimeType@2cd52eda","logger_name":"org.hibernate.type.BasicTypeRegistry","thread_name":"main","level":"DEBUG","level_value":10000}
{"@timestamp":"2023-06-21T18:47:51.767+05:30","@version":"1","message":"Adding type registration locale -> org.hibernate.type.LocaleType@7f8cd5fc","logger_name":"org.hibernate.type.BasicTypeRegistry","thread_name":"main","level":"DEBUG","level_value":10000}
{"@timestamp":"2023-06-21T18:47:51.767+05:30","@version":"1","message":"Adding type registration java.util.Locale -> org.hibernate.type.LocaleType@7f8cd5fc","logger_name":"org.hibernate.type.BasicTypeRegistry","thread_name":"main","level":"DEBUG","level_value":10000}
{"@timestamp":"2023-06-21T18:47:51.769+05:30","@version":"1","message":"Adding type registration currency -> org.hibernate.type.CurrencyType@5c316230","logger_name":"org.hibernate.type.BasicTypeRegistry","thread_name":"main","level":"DEBUG","level_value":10000}
{"@timestamp":"2023-06-21T18:47:51.769+05:30","@version":"1","message":"Adding type registration java.util.Currency -> org.hibernate.type.CurrencyType@5c316230","logger_name":"org.hibernate.type.BasicTypeRegistry","thread_name":"main","level":"DEBUG","level_value":10000}
{"@timestamp":"2023-06-21T18:47:51.770+05:30","@version":"1","message":"Adding type registration timezone -> org.hibernate.type.TimeZoneType@91a1005","logger_name":"org.hibernate.type.BasicTypeRegistry","thread_name":"main","level":"DEBUG","level_value":10000}
{"@timestamp":"2023-06-21T18:47:51.771+05:30","@version":"1","message":"Adding type registration java.util.TimeZone -> org.hibernate.type.TimeZoneType@91a1005","logger_name":"org.hibernate.type.BasicTypeRegistry","thread_name":"main","level":"DEBUG","level_value":10000}
{"@timestamp":"2023-06-21T18:47:51.772+05:30","@version":"1","message":"Adding type registration class -> org.hibernate.type.ClassType@2fcffc05","logger_name":"org.hibernate.type.BasicTypeRegistry","thread_name":"main","level":"DEBUG","level_value":10000}
{"@timestamp":"2023-06-21T18:47:51.773+05:30","@version":"1","message":"Adding type registration java.lang.Class -> org.hibernate.type.ClassType@2fcffc05","logger_name":"org.hibernate.type.BasicTypeRegistry","thread_name":"main","level":"DEBUG","level_value":10000}
{"@timestamp":"2023-06-21T18:47:51.797+05:30","@version":"1","message":"Adding type registration uuid-binary -> org.hibernate.type.UUIDBinaryType@65e92505","logger_name":"org.hibernate.type.BasicTypeRegistry","thread_name":"main","level":"DEBUG","level_value":10000}
{"@timestamp":"2023-06-21T18:47:51.798+05:30","@version":"1","message":"Adding type registration java.util.UUID -> org.hibernate.type.UUIDBinaryType@65e92505","logger_name":"org.hibernate.type.BasicTypeRegistry","thread_name":"main","level":"DEBUG","level_value":10000}
{"@timestamp":"2023-06-21T18:47:51.799+05:30","@version":"1","message":"Adding type registration uuid-char -> org.hibernate.type.UUIDCharType@18dafd3b","logger_name":"org.hibernate.type.BasicTypeRegistry","thread_name":"main","level":"DEBUG","level_value":10000}
{"@timestamp":"2023-06-21T18:47:51.802+05:30","@version":"1","message":"Adding type registration binary -> org.hibernate.type.BinaryType@4c91a008","logger_name":"org.hibernate.type.BasicTypeRegistry","thread_name":"main","level":"DEBUG","level_value":10000}
{"@timestamp":"2023-06-21T18:47:51.803+05:30","@version":"1","message":"Adding type registration byte[] -> org.hibernate.type.BinaryType@4c91a008","logger_name":"org.hibernate.type.BasicTypeRegistry","thread_name":"main","level":"DEBUG","level_value":10000}
{"@timestamp":"2023-06-21T18:47:51.804+05:30","@version":"1","message":"Adding type registration [B -> org.hibernate.type.BinaryType@4c91a008","logger_name":"org.hibernate.type.BasicTypeRegistry","thread_name":"main","level":"DEBUG","level_value":10000}
{"@timestamp":"2023-06-21T18:47:51.806+05:30","@version":"1","message":"Adding type registration wrapper-binary -> org.hibernate.type.WrapperBinaryType@4713b631","logger_name":"org.hibernate.type.BasicTypeRegistry","thread_name":"main","level":"DEBUG","level_value":10000}
{"@timestamp":"2023-06-21T18:47:51.808+05:30","@version":"1","message":"Adding type registration Byte[] -> org.hibernate.type.WrapperBinaryType@4713b631","logger_name":"org.hibernate.type.BasicTypeRegistry","thread_name":"main","level":"DEBUG","level_value":10000}
{"@timestamp":"2023-06-21T18:47:51.809+05:30","@version":"1","message":"Adding type registration [Ljava.lang.Byte; -> org.hibernate.type.WrapperBinaryType@4713b631","logger_name":"org.hibernate.type.BasicTypeRegistry","thread_name":"main","level":"DEBUG","level_value":10000}
{"@timestamp":"2023-06-21T18:47:51.814+05:30","@version":"1","message":"Adding type registration row_version -> org.hibernate.type.RowVersionType@1da32baf","logger_name":"org.hibernate.type.BasicTypeRegistry","thread_name":"main","level":"DEBUG","level_value":10000}
{"@timestamp":"2023-06-21T18:47:51.816+05:30","@version":"1","message":"Adding type registration image -> org.hibernate.type.ImageType@a80a896","logger_name":"org.hibernate.type.BasicTypeRegistry","thread_name":"main","level":"DEBUG","level_value":10000}
{"@timestamp":"2023-06-21T18:47:51.829+05:30","@version":"1","message":"Adding type registration characters -> org.hibernate.type.CharArrayType@1826475","logger_name":"org.hibernate.type.BasicTypeRegistry","thread_name":"main","level":"DEBUG","level_value":10000}
{"@timestamp":"2023-06-21T18:47:51.847+05:30","@version":"1","message":"Adding type registration char[] -> org.hibernate.type.CharArrayType@1826475","logger_name":"org.hibernate.type.BasicTypeRegistry","thread_name":"main","level":"DEBUG","level_value":10000}
{"@timestamp":"2023-06-21T18:47:51.848+05:30","@version":"1","message":"Adding type registration [C -> org.hibernate.type.CharArrayType@1826475","logger_name":"org.hibernate.type.BasicTypeRegistry","thread_name":"main","level":"DEBUG","level_value":10000}
{"@timestamp":"2023-06-21T18:47:51.852+05:30","@version":"1","message":"Adding type registration wrapper-characters -> org.hibernate.type.CharacterArrayType@1d3546f9","logger_name":"org.hibernate.type.BasicTypeRegistry","thread_name":"main","level":"DEBUG","level_value":10000}
{"@timestamp":"2023-06-21T18:47:51.854+05:30","@version":"1","message":"Adding type registration [Ljava.lang.Character; -> org.hibernate.type.CharacterArrayType@1d3546f9","logger_name":"org.hibernate.type.BasicTypeRegistry","thread_name":"main","level":"DEBUG","level_value":10000}
{"@timestamp":"2023-06-21T18:47:51.854+05:30","@version":"1","message":"Adding type registration Character[] -> org.hibernate.type.CharacterArrayType@1d3546f9","logger_name":"org.hibernate.type.BasicTypeRegistry","thread_name":"main","level":"DEBUG","level_value":10000}
{"@timestamp":"2023-06-21T18:47:51.855+05:30","@version":"1","message":"Adding type registration text -> org.hibernate.type.TextType@6e8aea7e","logger_name":"org.hibernate.type.BasicTypeRegistry","thread_name":"main","level":"DEBUG","level_value":10000}
{"@timestamp":"2023-06-21T18:47:51.858+05:30","@version":"1","message":"Adding type registration ntext -> org.hibernate.type.NTextType@7b2f8152","logger_name":"org.hibernate.type.BasicTypeRegistry","thread_name":"main","level":"DEBUG","level_value":10000}
{"@timestamp":"2023-06-21T18:47:51.863+05:30","@version":"1","message":"Adding type registration blob -> org.hibernate.type.BlobType@714b6999","logger_name":"org.hibernate.type.BasicTypeRegistry","thread_name":"main","level":"DEBUG","level_value":10000}
{"@timestamp":"2023-06-21T18:47:51.863+05:30","@version":"1","message":"Adding type registration java.sql.Blob -> org.hibernate.type.BlobType@714b6999","logger_name":"org.hibernate.type.BasicTypeRegistry","thread_name":"main","level":"DEBUG","level_value":10000}
{"@timestamp":"2023-06-21T18:47:51.865+05:30","@version":"1","message":"Adding type registration materialized_blob -> org.hibernate.type.MaterializedBlobType@7acb5200","logger_name":"org.hibernate.type.BasicTypeRegistry","thread_name":"main","level":"DEBUG","level_value":10000}
{"@timestamp":"2023-06-21T18:47:51.871+05:30","@version":"1","message":"Adding type registration clob -> org.hibernate.type.ClobType@2e91cf69","logger_name":"org.hibernate.type.BasicTypeRegistry","thread_name":"main","level":"DEBUG","level_value":10000}
{"@timestamp":"2023-06-21T18:47:51.873+05:30","@version":"1","message":"Adding type registration java.sql.Clob -> org.hibernate.type.ClobType@2e91cf69","logger_name":"org.hibernate.type.BasicTypeRegistry","thread_name":"main","level":"DEBUG","level_value":10000}
{"@timestamp":"2023-06-21T18:47:51.877+05:30","@version":"1","message":"Adding type registration nclob -> org.hibernate.type.NClobType@33c9f1ac","logger_name":"org.hibernate.type.BasicTypeRegistry","thread_name":"main","level":"DEBUG","level_value":10000}
{"@timestamp":"2023-06-21T18:47:51.880+05:30","@version":"1","message":"Adding type registration java.sql.NClob -> org.hibernate.type.NClobType@33c9f1ac","logger_name":"org.hibernate.type.BasicTypeRegistry","thread_name":"main","level":"DEBUG","level_value":10000}
{"@timestamp":"2023-06-21T18:47:51.881+05:30","@version":"1","message":"Adding type registration materialized_clob -> org.hibernate.type.MaterializedClobType@442310fd","logger_name":"org.hibernate.type.BasicTypeRegistry","thread_name":"main","level":"DEBUG","level_value":10000}
{"@timestamp":"2023-06-21T18:47:51.883+05:30","@version":"1","message":"Adding type registration materialized_nclob -> org.hibernate.type.MaterializedNClobType@6b52a40","logger_name":"org.hibernate.type.BasicTypeRegistry","thread_name":"main","level":"DEBUG","level_value":10000}
{"@timestamp":"2023-06-21T18:47:51.888+05:30","@version":"1","message":"Adding type registration serializable -> org.hibernate.type.SerializableType@56a9b662","logger_name":"org.hibernate.type.BasicTypeRegistry","thread_name":"main","level":"DEBUG","level_value":10000}
{"@timestamp":"2023-06-21T18:47:51.897+05:30","@version":"1","message":"Adding type registration object -> org.hibernate.type.ObjectType@27a6384b","logger_name":"org.hibernate.type.BasicTypeRegistry","thread_name":"main","level":"DEBUG","level_value":10000}
{"@timestamp":"2023-06-21T18:47:51.899+05:30","@version":"1","message":"Adding type registration java.lang.Object -> org.hibernate.type.ObjectType@27a6384b","logger_name":"org.hibernate.type.BasicTypeRegistry","thread_name":"main","level":"DEBUG","level_value":10000}
{"@timestamp":"2023-06-21T18:47:51.900+05:30","@version":"1","message":"Adding type registration imm_date -> org.hibernate.type.AdaptedImmutableType@733bd6f3","logger_name":"org.hibernate.type.BasicTypeRegistry","thread_name":"main","level":"DEBUG","level_value":10000}
{"@timestamp":"2023-06-21T18:47:51.901+05:30","@version":"1","message":"Adding type registration imm_time -> org.hibernate.type.AdaptedImmutableType@2e030cc1","logger_name":"org.hibernate.type.BasicTypeRegistry","thread_name":"main","level":"DEBUG","level_value":10000}
{"@timestamp":"2023-06-21T18:47:51.901+05:30","@version":"1","message":"Adding type registration imm_timestamp -> org.hibernate.type.AdaptedImmutableType@3f2ef402","logger_name":"org.hibernate.type.BasicTypeRegistry","thread_name":"main","level":"DEBUG","level_value":10000}
{"@timestamp":"2023-06-21T18:47:51.902+05:30","@version":"1","message":"Adding type registration imm_dbtimestamp -> org.hibernate.type.AdaptedImmutableType@14bf9fd0","logger_name":"org.hibernate.type.BasicTypeRegistry","thread_name":"main","level":"DEBUG","level_value":10000}
{"@timestamp":"2023-06-21T18:47:51.902+05:30","@version":"1","message":"Adding type registration imm_calendar -> org.hibernate.type.AdaptedImmutableType@391e5ffa","logger_name":"org.hibernate.type.BasicTypeRegistry","thread_name":"main","level":"DEBUG","level_value":10000}
{"@timestamp":"2023-06-21T18:47:51.907+05:30","@version":"1","message":"Adding type registration imm_calendar_date -> org.hibernate.type.AdaptedImmutableType@f4d391c","logger_name":"org.hibernate.type.BasicTypeRegistry","thread_name":"main","level":"DEBUG","level_value":10000}
{"@timestamp":"2023-06-21T18:47:51.909+05:30","@version":"1","message":"Adding type registration imm_binary -> org.hibernate.type.AdaptedImmutableType@470b5213","logger_name":"org.hibernate.type.BasicTypeRegistry","thread_name":"main","level":"DEBUG","level_value":10000}
{"@timestamp":"2023-06-21T18:47:51.912+05:30","@version":"1","message":"Adding type registration imm_serializable -> org.hibernate.type.AdaptedImmutableType@2fa2143d","logger_name":"org.hibernate.type.BasicTypeRegistry","thread_name":"main","level":"DEBUG","level_value":10000}
{"@timestamp":"2023-06-21T18:47:52.039+05:30","@version":"1","message":"HHH000400: Using dialect: org.hibernate.dialect.H2Dialect","logger_name":"org.hibernate.dialect.Dialect","thread_name":"main","level":"INFO","level_value":20000}
{"@timestamp":"2023-06-21T18:47:52.132+05:30","@version":"1","message":"Scoping TypeConfiguration [org.hibernate.type.spi.TypeConfiguration@5e9cb95] to MetadataBuildingContext [org.hibernate.boot.internal.MetadataBuildingContextRootImpl@7bc8da3f]","logger_name":"org.hibernate.type.spi.TypeConfiguration$Scope","thread_name":"main","level":"DEBUG","level_value":10000}
{"@timestamp":"2023-06-21T18:47:53.600+05:30","@version":"1","message":"Scoping TypeConfiguration [org.hibernate.type.spi.TypeConfiguration@5e9cb95] to SessionFactoryImpl [org.hibernate.internal.SessionFactoryImpl@391e2a]","logger_name":"org.hibernate.type.spi.TypeConfiguration$Scope","thread_name":"main","level":"DEBUG","level_value":10000}
{"@timestamp":"2023-06-21T18:47:55.248+05:30","@version":"1","message":"HHH000490: Using JtaPlatform implementation: [org.hibernate.engine.transaction.jta.platform.internal.NoJtaPlatform]","logger_name":"org.hibernate.engine.transaction.jta.platform.internal.JtaPlatformInitiator","thread_name":"main","level":"INFO","level_value":20000}
{"@timestamp":"2023-06-21T18:47:55.270+05:30","@version":"1","message":"Handling #sessionFactoryCreated from [org.hibernate.internal.SessionFactoryImpl@391e2a] for TypeConfiguration","logger_name":"org.hibernate.type.spi.TypeConfiguration$Scope","thread_name":"main","level":"TRACE","level_value":5000}
{"@timestamp":"2023-06-21T18:47:56.995+05:30","@version":"1","message":"Exception encountered during context initialization - cancelling refresh attempt: org.springframework.beans.factory.UnsatisfiedDependencyException: Error creating bean with name 'catalogController': Unsatisfied dependency expressed through field 'taskExecutor'; nested exception is org.springframework.beans.factory.NoSuchBeanDefinitionException: No qualifying bean of type 'org.springframework.scheduling.concurrent.ThreadPoolTaskExecutor' available: expected at least 1 bean which qualifies as autowire candidate. Dependency annotations: {@org.springframework.beans.factory.annotation.Autowired(required=true)}","logger_name":"org.springframework.boot.web.servlet.context.AnnotationConfigServletWebServerApplicationContext","thread_name":"main","level":"WARN","level_value":30000}
{"@timestamp":"2023-06-21T18:47:56.999+05:30","@version":"1","message":"HHH000477: Starting delayed evictData of schema as part of SessionFactory shut-down'","logger_name":"org.hibernate.tool.schema.internal.SchemaDropperImpl$DelayedDropActionImpl","thread_name":"main","level":"INFO","level_value":20000}
{"@timestamp":"2023-06-21T18:47:57.016+05:30","@version":"1","message":"Handling #sessionFactoryClosed from [org.hibernate.internal.SessionFactoryImpl@391e2a] for TypeConfiguration","logger_name":"org.hibernate.type.spi.TypeConfiguration$Scope","thread_name":"main","level":"TRACE","level_value":5000}
{"@timestamp":"2023-06-21T18:47:57.017+05:30","@version":"1","message":"Un-scoping TypeConfiguration [org.hibernate.type.spi.TypeConfiguration$Scope@368e7d3a] from SessionFactory [org.hibernate.internal.SessionFactoryImpl@391e2a]","logger_name":"org.hibernate.type.spi.TypeConfiguration$Scope","thread_name":"main","level":"DEBUG","level_value":10000}
{"@timestamp":"2023-06-21T18:47:57.025+05:30","@version":"1","message":"HikariPool-1 - Shutdown initiated...","logger_name":"com.zaxxer.hikari.HikariDataSource","thread_name":"main","level":"INFO","level_value":20000}
{"@timestamp":"2023-06-21T18:47:57.041+05:30","@version":"1","message":"HikariPool-1 - Shutdown completed.","logger_name":"com.zaxxer.hikari.HikariDataSource","thread_name":"main","level":"INFO","level_value":20000}
{"@timestamp":"2023-06-21T18:47:57.047+05:30","@version":"1","message":"Stopping service [Tomcat]","logger_name":"org.apache.catalina.core.StandardService","thread_name":"main","level":"INFO","level_value":20000}
{"@timestamp":"2023-06-21T18:47:57.126+05:30","@version":"1","message":"\r\n\r\nError starting ApplicationContext. To display the conditions report re-run your application with 'debug' enabled.","logger_name":"org.springframework.boot.autoconfigure.logging.ConditionEvaluationReportLoggingListener","thread_name":"main","level":"INFO","level_value":20000}
{"@timestamp":"2023-06-21T18:47:57.228+05:30","@version":"1","message":"\r\n\r\n***************************\r\nAPPLICATION FAILED TO START\r\n***************************\r\n\r\nDescription:\r\n\r\nField taskExecutor in com.eca.catalog.controller.CatalogController required a bean of type 'org.springframework.scheduling.concurrent.ThreadPoolTaskExecutor' that could not be found.\r\n\r\nThe injection point has the following annotations:\r\n\t- @org.springframework.beans.factory.annotation.Autowired(required=true)\r\n\r\n\r\nAction:\r\n\r\nConsider defining a bean of type 'org.springframework.scheduling.concurrent.ThreadPoolTaskExecutor' in your configuration.\r\n","logger_name":"org.springframework.boot.diagnostics.LoggingFailureAnalysisReporter","thread_name":"main","level":"ERROR","level_value":40000}
{"@timestamp":"2023-06-21T18:54:03.553+05:30","@version":"1","message":"Starting EcaApartmentCatalogApplication using Java 11.0.18 on WKWZTDXnFQOEVlg with PID 14628 (C:\\Projects\\ECA-ws\\eca\\eca-apartment-catalog\\target\\classes started by mohkhazi in C:\\Projects\\ECA-ws\\eca\\eca-discovery)","logger_name":"com.eca.catalog.EcaApartmentCatalogApplication","thread_name":"main","level":"INFO","level_value":20000}
{"@timestamp":"2023-06-21T18:54:03.570+05:30","@version":"1","message":"The following 1 profile is active: \"dev\"","logger_name":"com.eca.catalog.EcaApartmentCatalogApplication","thread_name":"main","level":"INFO","level_value":20000}
{"@timestamp":"2023-06-21T18:54:05.383+05:30","@version":"1","message":"Bootstrapping Spring Data JPA repositories in DEFAULT mode.","logger_name":"org.springframework.data.repository.config.RepositoryConfigurationDelegate","thread_name":"main","level":"INFO","level_value":20000}
{"@timestamp":"2023-06-21T18:54:05.627+05:30","@version":"1","message":"Finished Spring Data repository scanning in 230 ms. Found 2 JPA repository interfaces.","logger_name":"org.springframework.data.repository.config.RepositoryConfigurationDelegate","thread_name":"main","level":"INFO","level_value":20000}
{"@timestamp":"2023-06-21T18:54:06.086+05:30","@version":"1","message":"BeanFactory id=65ec184e-b99c-3927-a65d-0781dac64e44","logger_name":"org.springframework.cloud.context.scope.GenericScope","thread_name":"main","level":"INFO","level_value":20000}
{"@timestamp":"2023-06-21T18:54:07.135+05:30","@version":"1","message":"Tomcat initialized with port(s): 6092 (http)","logger_name":"org.springframework.boot.web.embedded.tomcat.TomcatWebServer","thread_name":"main","level":"INFO","level_value":20000}
{"@timestamp":"2023-06-21T18:54:07.150+05:30","@version":"1","message":"Starting service [Tomcat]","logger_name":"org.apache.catalina.core.StandardService","thread_name":"main","level":"INFO","level_value":20000}
{"@timestamp":"2023-06-21T18:54:07.151+05:30","@version":"1","message":"Starting Servlet engine: [Apache Tomcat/9.0.76]","logger_name":"org.apache.catalina.core.StandardEngine","thread_name":"main","level":"INFO","level_value":20000}
{"@timestamp":"2023-06-21T18:54:07.405+05:30","@version":"1","message":"Initializing Spring embedded WebApplicationContext","logger_name":"org.apache.catalina.core.ContainerBase.[Tomcat].[localhost].[/]","thread_name":"main","level":"INFO","level_value":20000}
{"@timestamp":"2023-06-21T18:54:07.406+05:30","@version":"1","message":"Root WebApplicationContext: initialization completed in 3699 ms","logger_name":"org.springframework.boot.web.servlet.context.ServletWebServerApplicationContext","thread_name":"main","level":"INFO","level_value":20000}
{"@timestamp":"2023-06-21T18:54:07.671+05:30","@version":"1","message":"HikariPool-1 - Starting...","logger_name":"com.zaxxer.hikari.HikariDataSource","thread_name":"main","level":"INFO","level_value":20000}
{"@timestamp":"2023-06-21T18:54:08.073+05:30","@version":"1","message":"HikariPool-1 - Start completed.","logger_name":"com.zaxxer.hikari.HikariDataSource","thread_name":"main","level":"INFO","level_value":20000}
{"@timestamp":"2023-06-21T18:54:08.092+05:30","@version":"1","message":"H2 console available at '/h2-console'. Database available at 'jdbc:h2:mem:ecacatalog'","logger_name":"org.springframework.boot.autoconfigure.h2.H2ConsoleAutoConfiguration","thread_name":"main","level":"INFO","level_value":20000}
{"@timestamp":"2023-06-21T18:54:08.385+05:30","@version":"1","message":"HHH000204: Processing PersistenceUnitInfo [name: default]","logger_name":"org.hibernate.jpa.internal.util.LogHelper","thread_name":"main","level":"INFO","level_value":20000}
{"@timestamp":"2023-06-21T18:54:08.474+05:30","@version":"1","message":"HHH000412: Hibernate ORM core version 5.6.15.Final","logger_name":"org.hibernate.Version","thread_name":"main","level":"INFO","level_value":20000}
{"@timestamp":"2023-06-21T18:54:08.729+05:30","@version":"1","message":"HCANN000001: Hibernate Commons Annotations {5.1.2.Final}","logger_name":"org.hibernate.annotations.common.Version","thread_name":"main","level":"INFO","level_value":20000}
{"@timestamp":"2023-06-21T18:54:08.757+05:30","@version":"1","message":"Adding type registration boolean -> org.hibernate.type.BooleanType@1bde9a22","logger_name":"org.hibernate.type.BasicTypeRegistry","thread_name":"main","level":"DEBUG","level_value":10000}
{"@timestamp":"2023-06-21T18:54:08.757+05:30","@version":"1","message":"Adding type registration boolean -> org.hibernate.type.BooleanType@1bde9a22","logger_name":"org.hibernate.type.BasicTypeRegistry","thread_name":"main","level":"DEBUG","level_value":10000}
{"@timestamp":"2023-06-21T18:54:08.757+05:30","@version":"1","message":"Adding type registration java.lang.Boolean -> org.hibernate.type.BooleanType@1bde9a22","logger_name":"org.hibernate.type.BasicTypeRegistry","thread_name":"main","level":"DEBUG","level_value":10000}
{"@timestamp":"2023-06-21T18:54:08.758+05:30","@version":"1","message":"Adding type registration numeric_boolean -> org.hibernate.type.NumericBooleanType@671f545b","logger_name":"org.hibernate.type.BasicTypeRegistry","thread_name":"main","level":"DEBUG","level_value":10000}
{"@timestamp":"2023-06-21T18:54:08.759+05:30","@version":"1","message":"Adding type registration true_false -> org.hibernate.type.TrueFalseType@1e66bf2d","logger_name":"org.hibernate.type.BasicTypeRegistry","thread_name":"main","level":"DEBUG","level_value":10000}
{"@timestamp":"2023-06-21T18:54:08.760+05:30","@version":"1","message":"Adding type registration yes_no -> org.hibernate.type.YesNoType@281ca256","logger_name":"org.hibernate.type.BasicTypeRegistry","thread_name":"main","level":"DEBUG","level_value":10000}
{"@timestamp":"2023-06-21T18:54:08.761+05:30","@version":"1","message":"Adding type registration byte -> org.hibernate.type.ByteType@55e4dd68","logger_name":"org.hibernate.type.BasicTypeRegistry","thread_name":"main","level":"DEBUG","level_value":10000}
{"@timestamp":"2023-06-21T18:54:08.761+05:30","@version":"1","message":"Adding type registration byte -> org.hibernate.type.ByteType@55e4dd68","logger_name":"org.hibernate.type.BasicTypeRegistry","thread_name":"main","level":"DEBUG","level_value":10000}
{"@timestamp":"2023-06-21T18:54:08.762+05:30","@version":"1","message":"Adding type registration java.lang.Byte -> org.hibernate.type.ByteType@55e4dd68","logger_name":"org.hibernate.type.BasicTypeRegistry","thread_name":"main","level":"DEBUG","level_value":10000}
{"@timestamp":"2023-06-21T18:54:08.763+05:30","@version":"1","message":"Adding type registration character -> org.hibernate.type.CharacterType@44de3b46","logger_name":"org.hibernate.type.BasicTypeRegistry","thread_name":"main","level":"DEBUG","level_value":10000}
{"@timestamp":"2023-06-21T18:54:08.763+05:30","@version":"1","message":"Adding type registration char -> org.hibernate.type.CharacterType@44de3b46","logger_name":"org.hibernate.type.BasicTypeRegistry","thread_name":"main","level":"DEBUG","level_value":10000}
{"@timestamp":"2023-06-21T18:54:08.763+05:30","@version":"1","message":"Adding type registration java.lang.Character -> org.hibernate.type.CharacterType@44de3b46","logger_name":"org.hibernate.type.BasicTypeRegistry","thread_name":"main","level":"DEBUG","level_value":10000}
{"@timestamp":"2023-06-21T18:54:08.764+05:30","@version":"1","message":"Adding type registration short -> org.hibernate.type.ShortType@5ef591af","logger_name":"org.hibernate.type.BasicTypeRegistry","thread_name":"main","level":"DEBUG","level_value":10000}
{"@timestamp":"2023-06-21T18:54:08.764+05:30","@version":"1","message":"Adding type registration short -> org.hibernate.type.ShortType@5ef591af","logger_name":"org.hibernate.type.BasicTypeRegistry","thread_name":"main","level":"DEBUG","level_value":10000}
{"@timestamp":"2023-06-21T18:54:08.764+05:30","@version":"1","message":"Adding type registration java.lang.Short -> org.hibernate.type.ShortType@5ef591af","logger_name":"org.hibernate.type.BasicTypeRegistry","thread_name":"main","level":"DEBUG","level_value":10000}
{"@timestamp":"2023-06-21T18:54:08.766+05:30","@version":"1","message":"Adding type registration integer -> org.hibernate.type.IntegerType@49f1184e","logger_name":"org.hibernate.type.BasicTypeRegistry","thread_name":"main","level":"DEBUG","level_value":10000}
{"@timestamp":"2023-06-21T18:54:08.768+05:30","@version":"1","message":"Adding type registration int -> org.hibernate.type.IntegerType@49f1184e","logger_name":"org.hibernate.type.BasicTypeRegistry","thread_name":"main","level":"DEBUG","level_value":10000}
{"@timestamp":"2023-06-21T18:54:08.769+05:30","@version":"1","message":"Adding type registration java.lang.Integer -> org.hibernate.type.IntegerType@49f1184e","logger_name":"org.hibernate.type.BasicTypeRegistry","thread_name":"main","level":"DEBUG","level_value":10000}
{"@timestamp":"2023-06-21T18:54:08.771+05:30","@version":"1","message":"Adding type registration long -> org.hibernate.type.LongType@2c6aa46c","logger_name":"org.hibernate.type.BasicTypeRegistry","thread_name":"main","level":"DEBUG","level_value":10000}
{"@timestamp":"2023-06-21T18:54:08.771+05:30","@version":"1","message":"Adding type registration long -> org.hibernate.type.LongType@2c6aa46c","logger_name":"org.hibernate.type.BasicTypeRegistry","thread_name":"main","level":"DEBUG","level_value":10000}
{"@timestamp":"2023-06-21T18:54:08.771+05:30","@version":"1","message":"Adding type registration java.lang.Long -> org.hibernate.type.LongType@2c6aa46c","logger_name":"org.hibernate.type.BasicTypeRegistry","thread_name":"main","level":"DEBUG","level_value":10000}
{"@timestamp":"2023-06-21T18:54:08.773+05:30","@version":"1","message":"Adding type registration float -> org.hibernate.type.FloatType@20c283b4","logger_name":"org.hibernate.type.BasicTypeRegistry","thread_name":"main","level":"DEBUG","level_value":10000}
{"@timestamp":"2023-06-21T18:54:08.774+05:30","@version":"1","message":"Adding type registration float -> org.hibernate.type.FloatType@20c283b4","logger_name":"org.hibernate.type.BasicTypeRegistry","thread_name":"main","level":"DEBUG","level_value":10000}
{"@timestamp":"2023-06-21T18:54:08.774+05:30","@version":"1","message":"Adding type registration java.lang.Float -> org.hibernate.type.FloatType@20c283b4","logger_name":"org.hibernate.type.BasicTypeRegistry","thread_name":"main","level":"DEBUG","level_value":10000}
{"@timestamp":"2023-06-21T18:54:08.775+05:30","@version":"1","message":"Adding type registration double -> org.hibernate.type.DoubleType@76104df5","logger_name":"org.hibernate.type.BasicTypeRegistry","thread_name":"main","level":"DEBUG","level_value":10000}
{"@timestamp":"2023-06-21T18:54:08.776+05:30","@version":"1","message":"Adding type registration double -> org.hibernate.type.DoubleType@76104df5","logger_name":"org.hibernate.type.BasicTypeRegistry","thread_name":"main","level":"DEBUG","level_value":10000}
{"@timestamp":"2023-06-21T18:54:08.776+05:30","@version":"1","message":"Adding type registration java.lang.Double -> org.hibernate.type.DoubleType@76104df5","logger_name":"org.hibernate.type.BasicTypeRegistry","thread_name":"main","level":"DEBUG","level_value":10000}
{"@timestamp":"2023-06-21T18:54:08.778+05:30","@version":"1","message":"Adding type registration big_decimal -> org.hibernate.type.BigDecimalType@18f13756","logger_name":"org.hibernate.type.BasicTypeRegistry","thread_name":"main","level":"DEBUG","level_value":10000}
{"@timestamp":"2023-06-21T18:54:08.779+05:30","@version":"1","message":"Adding type registration java.math.BigDecimal -> org.hibernate.type.BigDecimalType@18f13756","logger_name":"org.hibernate.type.BasicTypeRegistry","thread_name":"main","level":"DEBUG","level_value":10000}
{"@timestamp":"2023-06-21T18:54:08.781+05:30","@version":"1","message":"Adding type registration big_integer -> org.hibernate.type.BigIntegerType@6bf28f61","logger_name":"org.hibernate.type.BasicTypeRegistry","thread_name":"main","level":"DEBUG","level_value":10000}
{"@timestamp":"2023-06-21T18:54:08.783+05:30","@version":"1","message":"Adding type registration java.math.BigInteger -> org.hibernate.type.BigIntegerType@6bf28f61","logger_name":"org.hibernate.type.BasicTypeRegistry","thread_name":"main","level":"DEBUG","level_value":10000}
{"@timestamp":"2023-06-21T18:54:08.784+05:30","@version":"1","message":"Adding type registration string -> org.hibernate.type.StringType@414d2821","logger_name":"org.hibernate.type.BasicTypeRegistry","thread_name":"main","level":"DEBUG","level_value":10000}
{"@timestamp":"2023-06-21T18:54:08.785+05:30","@version":"1","message":"Adding type registration java.lang.String -> org.hibernate.type.StringType@414d2821","logger_name":"org.hibernate.type.BasicTypeRegistry","thread_name":"main","level":"DEBUG","level_value":10000}
{"@timestamp":"2023-06-21T18:54:08.786+05:30","@version":"1","message":"Adding type registration nstring -> org.hibernate.type.StringNVarcharType@49ea13b6","logger_name":"org.hibernate.type.BasicTypeRegistry","thread_name":"main","level":"DEBUG","level_value":10000}
{"@timestamp":"2023-06-21T18:54:08.787+05:30","@version":"1","message":"Adding type registration ncharacter -> org.hibernate.type.CharacterNCharType@342394b3","logger_name":"org.hibernate.type.BasicTypeRegistry","thread_name":"main","level":"DEBUG","level_value":10000}
{"@timestamp":"2023-06-21T18:54:08.789+05:30","@version":"1","message":"Adding type registration url -> org.hibernate.type.UrlType@4eb5764d","logger_name":"org.hibernate.type.BasicTypeRegistry","thread_name":"main","level":"DEBUG","level_value":10000}
{"@timestamp":"2023-06-21T18:54:08.789+05:30","@version":"1","message":"Adding type registration java.net.URL -> org.hibernate.type.UrlType@4eb5764d","logger_name":"org.hibernate.type.BasicTypeRegistry","thread_name":"main","level":"DEBUG","level_value":10000}
{"@timestamp":"2023-06-21T18:54:08.790+05:30","@version":"1","message":"Adding type registration Duration -> org.hibernate.type.DurationType@998fbd4","logger_name":"org.hibernate.type.BasicTypeRegistry","thread_name":"main","level":"DEBUG","level_value":10000}
{"@timestamp":"2023-06-21T18:54:08.791+05:30","@version":"1","message":"Adding type registration java.time.Duration -> org.hibernate.type.DurationType@998fbd4","logger_name":"org.hibernate.type.BasicTypeRegistry","thread_name":"main","level":"DEBUG","level_value":10000}
{"@timestamp":"2023-06-21T18:54:08.792+05:30","@version":"1","message":"Adding type registration Instant -> org.hibernate.type.InstantType@7dc92a06","logger_name":"org.hibernate.type.BasicTypeRegistry","thread_name":"main","level":"DEBUG","level_value":10000}
{"@timestamp":"2023-06-21T18:54:08.792+05:30","@version":"1","message":"Adding type registration java.time.Instant -> org.hibernate.type.InstantType@7dc92a06","logger_name":"org.hibernate.type.BasicTypeRegistry","thread_name":"main","level":"DEBUG","level_value":10000}
{"@timestamp":"2023-06-21T18:54:08.794+05:30","@version":"1","message":"Adding type registration LocalDateTime -> org.hibernate.type.LocalDateTimeType@3be50b2c","logger_name":"org.hibernate.type.BasicTypeRegistry","thread_name":"main","level":"DEBUG","level_value":10000}
{"@timestamp":"2023-06-21T18:54:08.794+05:30","@version":"1","message":"Adding type registration java.time.LocalDateTime -> org.hibernate.type.LocalDateTimeType@3be50b2c","logger_name":"org.hibernate.type.BasicTypeRegistry","thread_name":"main","level":"DEBUG","level_value":10000}
{"@timestamp":"2023-06-21T18:54:08.795+05:30","@version":"1","message":"Adding type registration LocalDate -> org.hibernate.type.LocalDateType@362b384c","logger_name":"org.hibernate.type.BasicTypeRegistry","thread_name":"main","level":"DEBUG","level_value":10000}
{"@timestamp":"2023-06-21T18:54:08.795+05:30","@version":"1","message":"Adding type registration java.time.LocalDate -> org.hibernate.type.LocalDateType@362b384c","logger_name":"org.hibernate.type.BasicTypeRegistry","thread_name":"main","level":"DEBUG","level_value":10000}
{"@timestamp":"2023-06-21T18:54:08.796+05:30","@version":"1","message":"Adding type registration LocalTime -> org.hibernate.type.LocalTimeType@dbca149","logger_name":"org.hibernate.type.BasicTypeRegistry","thread_name":"main","level":"DEBUG","level_value":10000}
{"@timestamp":"2023-06-21T18:54:08.797+05:30","@version":"1","message":"Adding type registration java.time.LocalTime -> org.hibernate.type.LocalTimeType@dbca149","logger_name":"org.hibernate.type.BasicTypeRegistry","thread_name":"main","level":"DEBUG","level_value":10000}
{"@timestamp":"2023-06-21T18:54:08.798+05:30","@version":"1","message":"Adding type registration OffsetDateTime -> org.hibernate.type.OffsetDateTimeType@3f40568e","logger_name":"org.hibernate.type.BasicTypeRegistry","thread_name":"main","level":"DEBUG","level_value":10000}
{"@timestamp":"2023-06-21T18:54:08.799+05:30","@version":"1","message":"Adding type registration java.time.OffsetDateTime -> org.hibernate.type.OffsetDateTimeType@3f40568e","logger_name":"org.hibernate.type.BasicTypeRegistry","thread_name":"main","level":"DEBUG","level_value":10000}
{"@timestamp":"2023-06-21T18:54:08.800+05:30","@version":"1","message":"Adding type registration OffsetTime -> org.hibernate.type.OffsetTimeType@4fef4f96","logger_name":"org.hibernate.type.BasicTypeRegistry","thread_name":"main","level":"DEBUG","level_value":10000}
{"@timestamp":"2023-06-21T18:54:08.801+05:30","@version":"1","message":"Adding type registration java.time.OffsetTime -> org.hibernate.type.OffsetTimeType@4fef4f96","logger_name":"org.hibernate.type.BasicTypeRegistry","thread_name":"main","level":"DEBUG","level_value":10000}
{"@timestamp":"2023-06-21T18:54:08.802+05:30","@version":"1","message":"Adding type registration ZonedDateTime -> org.hibernate.type.ZonedDateTimeType@163fbbc9","logger_name":"org.hibernate.type.BasicTypeRegistry","thread_name":"main","level":"DEBUG","level_value":10000}
{"@timestamp":"2023-06-21T18:54:08.803+05:30","@version":"1","message":"Adding type registration java.time.ZonedDateTime -> org.hibernate.type.ZonedDateTimeType@163fbbc9","logger_name":"org.hibernate.type.BasicTypeRegistry","thread_name":"main","level":"DEBUG","level_value":10000}
{"@timestamp":"2023-06-21T18:54:08.804+05:30","@version":"1","message":"Adding type registration date -> org.hibernate.type.DateType@de63949","logger_name":"org.hibernate.type.BasicTypeRegistry","thread_name":"main","level":"DEBUG","level_value":10000}
{"@timestamp":"2023-06-21T18:54:08.804+05:30","@version":"1","message":"Adding type registration java.sql.Date -> org.hibernate.type.DateType@de63949","logger_name":"org.hibernate.type.BasicTypeRegistry","thread_name":"main","level":"DEBUG","level_value":10000}
{"@timestamp":"2023-06-21T18:54:08.805+05:30","@version":"1","message":"Adding type registration time -> org.hibernate.type.TimeType@2dacda9a","logger_name":"org.hibernate.type.BasicTypeRegistry","thread_name":"main","level":"DEBUG","level_value":10000}
{"@timestamp":"2023-06-21T18:54:08.806+05:30","@version":"1","message":"Adding type registration java.sql.Time -> org.hibernate.type.TimeType@2dacda9a","logger_name":"org.hibernate.type.BasicTypeRegistry","thread_name":"main","level":"DEBUG","level_value":10000}
{"@timestamp":"2023-06-21T18:54:08.807+05:30","@version":"1","message":"Adding type registration timestamp -> org.hibernate.type.TimestampType@43fbc2bf","logger_name":"org.hibernate.type.BasicTypeRegistry","thread_name":"main","level":"DEBUG","level_value":10000}
{"@timestamp":"2023-06-21T18:54:08.807+05:30","@version":"1","message":"Adding type registration java.sql.Timestamp -> org.hibernate.type.TimestampType@43fbc2bf","logger_name":"org.hibernate.type.BasicTypeRegistry","thread_name":"main","level":"DEBUG","level_value":10000}
{"@timestamp":"2023-06-21T18:54:08.807+05:30","@version":"1","message":"Adding type registration java.util.Date -> org.hibernate.type.TimestampType@43fbc2bf","logger_name":"org.hibernate.type.BasicTypeRegistry","thread_name":"main","level":"DEBUG","level_value":10000}
{"@timestamp":"2023-06-21T18:54:08.808+05:30","@version":"1","message":"Adding type registration dbtimestamp -> org.hibernate.type.DbTimestampType@5977bdea","logger_name":"org.hibernate.type.BasicTypeRegistry","thread_name":"main","level":"DEBUG","level_value":10000}
{"@timestamp":"2023-06-21T18:54:08.809+05:30","@version":"1","message":"Adding type registration calendar -> org.hibernate.type.CalendarType@6ed7b9c5","logger_name":"org.hibernate.type.BasicTypeRegistry","thread_name":"main","level":"DEBUG","level_value":10000}
{"@timestamp":"2023-06-21T18:54:08.809+05:30","@version":"1","message":"Adding type registration java.util.Calendar -> org.hibernate.type.CalendarType@6ed7b9c5","logger_name":"org.hibernate.type.BasicTypeRegistry","thread_name":"main","level":"DEBUG","level_value":10000}
{"@timestamp":"2023-06-21T18:54:08.809+05:30","@version":"1","message":"Adding type registration java.util.GregorianCalendar -> org.hibernate.type.CalendarType@6ed7b9c5","logger_name":"org.hibernate.type.BasicTypeRegistry","thread_name":"main","level":"DEBUG","level_value":10000}
{"@timestamp":"2023-06-21T18:54:08.810+05:30","@version":"1","message":"Adding type registration calendar_date -> org.hibernate.type.CalendarDateType@52f7fa65","logger_name":"org.hibernate.type.BasicTypeRegistry","thread_name":"main","level":"DEBUG","level_value":10000}
{"@timestamp":"2023-06-21T18:54:08.811+05:30","@version":"1","message":"Adding type registration calendar_time -> org.hibernate.type.CalendarTimeType@10ba9780","logger_name":"org.hibernate.type.BasicTypeRegistry","thread_name":"main","level":"DEBUG","level_value":10000}
{"@timestamp":"2023-06-21T18:54:08.812+05:30","@version":"1","message":"Adding type registration locale -> org.hibernate.type.LocaleType@4a3bf37c","logger_name":"org.hibernate.type.BasicTypeRegistry","thread_name":"main","level":"DEBUG","level_value":10000}
{"@timestamp":"2023-06-21T18:54:08.812+05:30","@version":"1","message":"Adding type registration java.util.Locale -> org.hibernate.type.LocaleType@4a3bf37c","logger_name":"org.hibernate.type.BasicTypeRegistry","thread_name":"main","level":"DEBUG","level_value":10000}
{"@timestamp":"2023-06-21T18:54:08.813+05:30","@version":"1","message":"Adding type registration currency -> org.hibernate.type.CurrencyType@ea84346","logger_name":"org.hibernate.type.BasicTypeRegistry","thread_name":"main","level":"DEBUG","level_value":10000}
{"@timestamp":"2023-06-21T18:54:08.813+05:30","@version":"1","message":"Adding type registration java.util.Currency -> org.hibernate.type.CurrencyType@ea84346","logger_name":"org.hibernate.type.BasicTypeRegistry","thread_name":"main","level":"DEBUG","level_value":10000}
{"@timestamp":"2023-06-21T18:54:08.826+05:30","@version":"1","message":"Adding type registration timezone -> org.hibernate.type.TimeZoneType@29394966","logger_name":"org.hibernate.type.BasicTypeRegistry","thread_name":"main","level":"DEBUG","level_value":10000}
{"@timestamp":"2023-06-21T18:54:08.827+05:30","@version":"1","message":"Adding type registration java.util.TimeZone -> org.hibernate.type.TimeZoneType@29394966","logger_name":"org.hibernate.type.BasicTypeRegistry","thread_name":"main","level":"DEBUG","level_value":10000}
{"@timestamp":"2023-06-21T18:54:08.828+05:30","@version":"1","message":"Adding type registration class -> org.hibernate.type.ClassType@7c4a03a","logger_name":"org.hibernate.type.BasicTypeRegistry","thread_name":"main","level":"DEBUG","level_value":10000}
{"@timestamp":"2023-06-21T18:54:08.829+05:30","@version":"1","message":"Adding type registration java.lang.Class -> org.hibernate.type.ClassType@7c4a03a","logger_name":"org.hibernate.type.BasicTypeRegistry","thread_name":"main","level":"DEBUG","level_value":10000}
{"@timestamp":"2023-06-21T18:54:08.830+05:30","@version":"1","message":"Adding type registration uuid-binary -> org.hibernate.type.UUIDBinaryType@582ca1e2","logger_name":"org.hibernate.type.BasicTypeRegistry","thread_name":"main","level":"DEBUG","level_value":10000}
{"@timestamp":"2023-06-21T18:54:08.830+05:30","@version":"1","message":"Adding type registration java.util.UUID -> org.hibernate.type.UUIDBinaryType@582ca1e2","logger_name":"org.hibernate.type.BasicTypeRegistry","thread_name":"main","level":"DEBUG","level_value":10000}
{"@timestamp":"2023-06-21T18:54:08.831+05:30","@version":"1","message":"Adding type registration uuid-char -> org.hibernate.type.UUIDCharType@7a0d2c80","logger_name":"org.hibernate.type.BasicTypeRegistry","thread_name":"main","level":"DEBUG","level_value":10000}
{"@timestamp":"2023-06-21T18:54:08.832+05:30","@version":"1","message":"Adding type registration binary -> org.hibernate.type.BinaryType@5cf33d25","logger_name":"org.hibernate.type.BasicTypeRegistry","thread_name":"main","level":"DEBUG","level_value":10000}
{"@timestamp":"2023-06-21T18:54:08.832+05:30","@version":"1","message":"Adding type registration byte[] -> org.hibernate.type.BinaryType@5cf33d25","logger_name":"org.hibernate.type.BasicTypeRegistry","thread_name":"main","level":"DEBUG","level_value":10000}
{"@timestamp":"2023-06-21T18:54:08.833+05:30","@version":"1","message":"Adding type registration [B -> org.hibernate.type.BinaryType@5cf33d25","logger_name":"org.hibernate.type.BasicTypeRegistry","thread_name":"main","level":"DEBUG","level_value":10000}
{"@timestamp":"2023-06-21T18:54:08.834+05:30","@version":"1","message":"Adding type registration wrapper-binary -> org.hibernate.type.WrapperBinaryType@541897c6","logger_name":"org.hibernate.type.BasicTypeRegistry","thread_name":"main","level":"DEBUG","level_value":10000}
{"@timestamp":"2023-06-21T18:54:08.834+05:30","@version":"1","message":"Adding type registration Byte[] -> org.hibernate.type.WrapperBinaryType@541897c6","logger_name":"org.hibernate.type.BasicTypeRegistry","thread_name":"main","level":"DEBUG","level_value":10000}
{"@timestamp":"2023-06-21T18:54:08.834+05:30","@version":"1","message":"Adding type registration [Ljava.lang.Byte; -> org.hibernate.type.WrapperBinaryType@541897c6","logger_name":"org.hibernate.type.BasicTypeRegistry","thread_name":"main","level":"DEBUG","level_value":10000}
{"@timestamp":"2023-06-21T18:54:08.836+05:30","@version":"1","message":"Adding type registration row_version -> org.hibernate.type.RowVersionType@8dbf0f2","logger_name":"org.hibernate.type.BasicTypeRegistry","thread_name":"main","level":"DEBUG","level_value":10000}
{"@timestamp":"2023-06-21T18:54:08.837+05:30","@version":"1","message":"Adding type registration image -> org.hibernate.type.ImageType@767d9b9","logger_name":"org.hibernate.type.BasicTypeRegistry","thread_name":"main","level":"DEBUG","level_value":10000}
{"@timestamp":"2023-06-21T18:54:08.844+05:30","@version":"1","message":"Adding type registration characters -> org.hibernate.type.CharArrayType@6371c5ec","logger_name":"org.hibernate.type.BasicTypeRegistry","thread_name":"main","level":"DEBUG","level_value":10000}
{"@timestamp":"2023-06-21T18:54:08.845+05:30","@version":"1","message":"Adding type registration char[] -> org.hibernate.type.CharArrayType@6371c5ec","logger_name":"org.hibernate.type.BasicTypeRegistry","thread_name":"main","level":"DEBUG","level_value":10000}
{"@timestamp":"2023-06-21T18:54:08.845+05:30","@version":"1","message":"Adding type registration [C -> org.hibernate.type.CharArrayType@6371c5ec","logger_name":"org.hibernate.type.BasicTypeRegistry","thread_name":"main","level":"DEBUG","level_value":10000}
{"@timestamp":"2023-06-21T18:54:08.847+05:30","@version":"1","message":"Adding type registration wrapper-characters -> org.hibernate.type.CharacterArrayType@229514ff","logger_name":"org.hibernate.type.BasicTypeRegistry","thread_name":"main","level":"DEBUG","level_value":10000}
{"@timestamp":"2023-06-21T18:54:08.847+05:30","@version":"1","message":"Adding type registration [Ljava.lang.Character; -> org.hibernate.type.CharacterArrayType@229514ff","logger_name":"org.hibernate.type.BasicTypeRegistry","thread_name":"main","level":"DEBUG","level_value":10000}
{"@timestamp":"2023-06-21T18:54:08.847+05:30","@version":"1","message":"Adding type registration Character[] -> org.hibernate.type.CharacterArrayType@229514ff","logger_name":"org.hibernate.type.BasicTypeRegistry","thread_name":"main","level":"DEBUG","level_value":10000}
{"@timestamp":"2023-06-21T18:54:08.850+05:30","@version":"1","message":"Adding type registration text -> org.hibernate.type.TextType@24f5e9e8","logger_name":"org.hibernate.type.BasicTypeRegistry","thread_name":"main","level":"DEBUG","level_value":10000}
{"@timestamp":"2023-06-21T18:54:08.850+05:30","@version":"1","message":"Adding type registration ntext -> org.hibernate.type.NTextType@3661b732","logger_name":"org.hibernate.type.BasicTypeRegistry","thread_name":"main","level":"DEBUG","level_value":10000}
{"@timestamp":"2023-06-21T18:54:08.851+05:30","@version":"1","message":"Adding type registration blob -> org.hibernate.type.BlobType@37665305","logger_name":"org.hibernate.type.BasicTypeRegistry","thread_name":"main","level":"DEBUG","level_value":10000}
{"@timestamp":"2023-06-21T18:54:08.852+05:30","@version":"1","message":"Adding type registration java.sql.Blob -> org.hibernate.type.BlobType@37665305","logger_name":"org.hibernate.type.BasicTypeRegistry","thread_name":"main","level":"DEBUG","level_value":10000}
{"@timestamp":"2023-06-21T18:54:08.852+05:30","@version":"1","message":"Adding type registration materialized_blob -> org.hibernate.type.MaterializedBlobType@1906f982","logger_name":"org.hibernate.type.BasicTypeRegistry","thread_name":"main","level":"DEBUG","level_value":10000}
{"@timestamp":"2023-06-21T18:54:08.853+05:30","@version":"1","message":"Adding type registration clob -> org.hibernate.type.ClobType@3ca6bd01","logger_name":"org.hibernate.type.BasicTypeRegistry","thread_name":"main","level":"DEBUG","level_value":10000}
{"@timestamp":"2023-06-21T18:54:08.854+05:30","@version":"1","message":"Adding type registration java.sql.Clob -> org.hibernate.type.ClobType@3ca6bd01","logger_name":"org.hibernate.type.BasicTypeRegistry","thread_name":"main","level":"DEBUG","level_value":10000}
{"@timestamp":"2023-06-21T18:54:08.855+05:30","@version":"1","message":"Adding type registration nclob -> org.hibernate.type.NClobType@5f4e389a","logger_name":"org.hibernate.type.BasicTypeRegistry","thread_name":"main","level":"DEBUG","level_value":10000}
{"@timestamp":"2023-06-21T18:54:08.856+05:30","@version":"1","message":"Adding type registration java.sql.NClob -> org.hibernate.type.NClobType@5f4e389a","logger_name":"org.hibernate.type.BasicTypeRegistry","thread_name":"main","level":"DEBUG","level_value":10000}
{"@timestamp":"2023-06-21T18:54:08.856+05:30","@version":"1","message":"Adding type registration materialized_clob -> org.hibernate.type.MaterializedClobType@59ac77f9","logger_name":"org.hibernate.type.BasicTypeRegistry","thread_name":"main","level":"DEBUG","level_value":10000}
{"@timestamp":"2023-06-21T18:54:08.857+05:30","@version":"1","message":"Adding type registration materialized_nclob -> org.hibernate.type.MaterializedNClobType@7bde704a","logger_name":"org.hibernate.type.BasicTypeRegistry","thread_name":"main","level":"DEBUG","level_value":10000}
{"@timestamp":"2023-06-21T18:54:08.858+05:30","@version":"1","message":"Adding type registration serializable -> org.hibernate.type.SerializableType@153409b8","logger_name":"org.hibernate.type.BasicTypeRegistry","thread_name":"main","level":"DEBUG","level_value":10000}
{"@timestamp":"2023-06-21T18:54:08.861+05:30","@version":"1","message":"Adding type registration object -> org.hibernate.type.ObjectType@7836c79","logger_name":"org.hibernate.type.BasicTypeRegistry","thread_name":"main","level":"DEBUG","level_value":10000}
{"@timestamp":"2023-06-21T18:54:08.861+05:30","@version":"1","message":"Adding type registration java.lang.Object -> org.hibernate.type.ObjectType@7836c79","logger_name":"org.hibernate.type.BasicTypeRegistry","thread_name":"main","level":"DEBUG","level_value":10000}
{"@timestamp":"2023-06-21T18:54:08.861+05:30","@version":"1","message":"Adding type registration imm_date -> org.hibernate.type.AdaptedImmutableType@18b58c77","logger_name":"org.hibernate.type.BasicTypeRegistry","thread_name":"main","level":"DEBUG","level_value":10000}
{"@timestamp":"2023-06-21T18:54:08.862+05:30","@version":"1","message":"Adding type registration imm_time -> org.hibernate.type.AdaptedImmutableType@20f99c18","logger_name":"org.hibernate.type.BasicTypeRegistry","thread_name":"main","level":"DEBUG","level_value":10000}
{"@timestamp":"2023-06-21T18:54:08.862+05:30","@version":"1","message":"Adding type registration imm_timestamp -> org.hibernate.type.AdaptedImmutableType@3c20e9d6","logger_name":"org.hibernate.type.BasicTypeRegistry","thread_name":"main","level":"DEBUG","level_value":10000}
{"@timestamp":"2023-06-21T18:54:08.862+05:30","@version":"1","message":"Adding type registration imm_dbtimestamp -> org.hibernate.type.AdaptedImmutableType@76e2a621","logger_name":"org.hibernate.type.BasicTypeRegistry","thread_name":"main","level":"DEBUG","level_value":10000}
{"@timestamp":"2023-06-21T18:54:08.862+05:30","@version":"1","message":"Adding type registration imm_calendar -> org.hibernate.type.AdaptedImmutableType@42805abe","logger_name":"org.hibernate.type.BasicTypeRegistry","thread_name":"main","level":"DEBUG","level_value":10000}
{"@timestamp":"2023-06-21T18:54:08.862+05:30","@version":"1","message":"Adding type registration imm_calendar_date -> org.hibernate.type.AdaptedImmutableType@2e7517aa","logger_name":"org.hibernate.type.BasicTypeRegistry","thread_name":"main","level":"DEBUG","level_value":10000}
{"@timestamp":"2023-06-21T18:54:08.862+05:30","@version":"1","message":"Adding type registration imm_binary -> org.hibernate.type.AdaptedImmutableType@152035eb","logger_name":"org.hibernate.type.BasicTypeRegistry","thread_name":"main","level":"DEBUG","level_value":10000}
{"@timestamp":"2023-06-21T18:54:08.863+05:30","@version":"1","message":"Adding type registration imm_serializable -> org.hibernate.type.AdaptedImmutableType@76105ac0","logger_name":"org.hibernate.type.BasicTypeRegistry","thread_name":"main","level":"DEBUG","level_value":10000}
{"@timestamp":"2023-06-21T18:54:08.921+05:30","@version":"1","message":"HHH000400: Using dialect: org.hibernate.dialect.H2Dialect","logger_name":"org.hibernate.dialect.Dialect","thread_name":"main","level":"INFO","level_value":20000}
{"@timestamp":"2023-06-21T18:54:08.970+05:30","@version":"1","message":"Scoping TypeConfiguration [org.hibernate.type.spi.TypeConfiguration@735167e1] to MetadataBuildingContext [org.hibernate.boot.internal.MetadataBuildingContextRootImpl@67689c81]","logger_name":"org.hibernate.type.spi.TypeConfiguration$Scope","thread_name":"main","level":"DEBUG","level_value":10000}
{"@timestamp":"2023-06-21T18:54:09.321+05:30","@version":"1","message":"Scoping TypeConfiguration [org.hibernate.type.spi.TypeConfiguration@735167e1] to SessionFactoryImpl [org.hibernate.internal.SessionFactoryImpl@25b402ea]","logger_name":"org.hibernate.type.spi.TypeConfiguration$Scope","thread_name":"main","level":"DEBUG","level_value":10000}
{"@timestamp":"2023-06-21T18:54:09.737+05:30","@version":"1","message":"HHH000490: Using JtaPlatform implementation: [org.hibernate.engine.transaction.jta.platform.internal.NoJtaPlatform]","logger_name":"org.hibernate.engine.transaction.jta.platform.internal.JtaPlatformInitiator","thread_name":"main","level":"INFO","level_value":20000}
{"@timestamp":"2023-06-21T18:54:09.746+05:30","@version":"1","message":"Handling #sessionFactoryCreated from [org.hibernate.internal.SessionFactoryImpl@25b402ea] for TypeConfiguration","logger_name":"org.hibernate.type.spi.TypeConfiguration$Scope","thread_name":"main","level":"TRACE","level_value":5000}
{"@timestamp":"2023-06-21T18:54:10.503+05:30","@version":"1","message":"spring.jpa.open-in-view is enabled by default. Therefore, database queries may be performed during view rendering. Explicitly configure spring.jpa.open-in-view to disable this warning","logger_name":"org.springframework.boot.autoconfigure.orm.jpa.JpaBaseConfiguration$JpaWebConfiguration","thread_name":"main","level":"WARN","level_value":30000}
{"@timestamp":"2023-06-21T18:54:13.940+05:30","@version":"1","message":"Eureka HTTP Client uses RestTemplate.","logger_name":"org.springframework.cloud.netflix.eureka.config.DiscoveryClientOptionalArgsConfiguration","thread_name":"main","level":"INFO","level_value":20000}
{"@timestamp":"2023-06-21T18:54:14.050+05:30","@version":"1","message":"Spring Cloud LoadBalancer is currently working with the default cache. While this cache implementation is useful for development and tests, it's recommended to use Caffeine cache in production.You can switch to using Caffeine cache, by adding it and org.springframework.cache.caffeine.CaffeineCacheManager to the classpath.","logger_name":"org.springframework.cloud.loadbalancer.config.LoadBalancerCacheAutoConfiguration$LoadBalancerCaffeineWarnLogger","thread_name":"main","level":"WARN","level_value":30000}
{"@timestamp":"2023-06-21T18:54:14.059+05:30","@version":"1","message":"Exposing 17 endpoint(s) beneath base path '/actuator'","logger_name":"org.springframework.boot.actuate.endpoint.web.EndpointLinksResolver","thread_name":"main","level":"INFO","level_value":20000}
{"@timestamp":"2023-06-21T18:54:14.190+05:30","@version":"1","message":"Tomcat started on port(s): 6092 (http) with context path ''","logger_name":"org.springframework.boot.web.embedded.tomcat.TomcatWebServer","thread_name":"main","level":"INFO","level_value":20000}
{"@timestamp":"2023-06-21T18:54:14.897+05:30","@version":"1","message":"Started EcaApartmentCatalogApplication in 12.861 seconds (JVM running for 14.196)","logger_name":"com.eca.catalog.EcaApartmentCatalogApplication","thread_name":"main","level":"INFO","level_value":20000}
{"@timestamp":"2023-06-21T18:55:17.936+05:30","@version":"1","message":"Initializing Spring DispatcherServlet 'dispatcherServlet'","logger_name":"org.apache.catalina.core.ContainerBase.[Tomcat].[localhost].[/]","thread_name":"http-nio-6092-exec-3","level":"INFO","level_value":20000}
{"@timestamp":"2023-06-21T18:55:18.107+05:30","@version":"1","message":"register new apartment::persistApartments","logger_name":"com.eca.catalog.controller.CatalogController","thread_name":"http-nio-6092-exec-3","level":"INFO","level_value":20000}
{"@timestamp":"2023-06-21T18:55:18.109+05:30","@version":"1","message":"inside the CatalogService::persistApartments","logger_name":"com.eca.catalog.service.impl.CatalogService","thread_name":"taskExecutor-1","level":"INFO","level_value":20000}
{"@timestamp":"2023-06-21T18:55:18.228+05:30","@version":"1","message":"binding parameter [1] as [VARCHAR] - [techioc Inc]","logger_name":"org.hibernate.type.descriptor.sql.BasicBinder","thread_name":"taskExecutor-1","level":"TRACE","level_value":5000}
{"@timestamp":"2023-06-21T18:55:18.230+05:30","@version":"1","message":"binding parameter [2] as [TIMESTAMP] - [Wed Jun 21 18:55:18 IST 2023]","logger_name":"org.hibernate.type.descriptor.sql.BasicBinder","thread_name":"taskExecutor-1","level":"TRACE","level_value":5000}
{"@timestamp":"2023-06-21T18:55:18.233+05:30","@version":"1","message":"binding parameter [3] as [VARCHAR] - [99641423]","logger_name":"org.hibernate.type.descriptor.sql.BasicBinder","thread_name":"taskExecutor-1","level":"TRACE","level_value":5000}
{"@timestamp":"2023-06-21T18:55:18.234+05:30","@version":"1","message":"binding parameter [4] as [VARCHAR] - [jazz]","logger_name":"org.hibernate.type.descriptor.sql.BasicBinder","thread_name":"taskExecutor-1","level":"TRACE","level_value":5000}
{"@timestamp":"2023-06-21T18:55:18.235+05:30","@version":"1","message":"binding parameter [5] as [INTEGER] - [4]","logger_name":"org.hibernate.type.descriptor.sql.BasicBinder","thread_name":"taskExecutor-1","level":"TRACE","level_value":5000}
{"@timestamp":"2023-06-21T18:55:18.270+05:30","@version":"1","message":"binding parameter [1] as [BIGINT] - [null]","logger_name":"org.hibernate.type.descriptor.sql.BasicBinder","thread_name":"taskExecutor-1","level":"TRACE","level_value":5000}
{"@timestamp":"2023-06-21T18:55:18.270+05:30","@version":"1","message":"binding parameter [2] as [VARCHAR] - [karwar]","logger_name":"org.hibernate.type.descriptor.sql.BasicBinder","thread_name":"taskExecutor-1","level":"TRACE","level_value":5000}
{"@timestamp":"2023-06-21T18:55:18.270+05:30","@version":"1","message":"binding parameter [3] as [VARCHAR] - [null]","logger_name":"org.hibernate.type.descriptor.sql.BasicBinder","thread_name":"taskExecutor-1","level":"TRACE","level_value":5000}
{"@timestamp":"2023-06-21T18:55:18.270+05:30","@version":"1","message":"binding parameter [4] as [VARCHAR] - [india]","logger_name":"org.hibernate.type.descriptor.sql.BasicBinder","thread_name":"taskExecutor-1","level":"TRACE","level_value":5000}
{"@timestamp":"2023-06-21T18:55:18.271+05:30","@version":"1","message":"binding parameter [5] as [VARCHAR] - [karnataka]","logger_name":"org.hibernate.type.descriptor.sql.BasicBinder","thread_name":"taskExecutor-1","level":"TRACE","level_value":5000}
{"@timestamp":"2023-06-21T18:55:18.271+05:30","@version":"1","message":"binding parameter [6] as [VARCHAR] - [32 John Doe]","logger_name":"org.hibernate.type.descriptor.sql.BasicBinder","thread_name":"taskExecutor-1","level":"TRACE","level_value":5000}
{"@timestamp":"2023-06-21T18:55:18.272+05:30","@version":"1","message":"binding parameter [7] as [VARCHAR] - [111-3453]","logger_name":"org.hibernate.type.descriptor.sql.BasicBinder","thread_name":"taskExecutor-1","level":"TRACE","level_value":5000}
{"@timestamp":"2023-06-21T18:55:18.301+05:30","@version":"1","message":"binding parameter [1] as [BIGINT] - [1]","logger_name":"org.hibernate.type.descriptor.sql.BasicBinder","thread_name":"taskExecutor-1","level":"TRACE","level_value":5000}
{"@timestamp":"2023-06-21T18:55:18.302+05:30","@version":"1","message":"binding parameter [2] as [VARCHAR] - [karwar]","logger_name":"org.hibernate.type.descriptor.sql.BasicBinder","thread_name":"taskExecutor-1","level":"TRACE","level_value":5000}
{"@timestamp":"2023-06-21T18:55:18.302+05:30","@version":"1","message":"binding parameter [3] as [VARCHAR] - [null]","logger_name":"org.hibernate.type.descriptor.sql.BasicBinder","thread_name":"taskExecutor-1","level":"TRACE","level_value":5000}
{"@timestamp":"2023-06-21T18:55:18.302+05:30","@version":"1","message":"binding parameter [4] as [VARCHAR] - [india]","logger_name":"org.hibernate.type.descriptor.sql.BasicBinder","thread_name":"taskExecutor-1","level":"TRACE","level_value":5000}
{"@timestamp":"2023-06-21T18:55:18.303+05:30","@version":"1","message":"binding parameter [5] as [VARCHAR] - [karnataka]","logger_name":"org.hibernate.type.descriptor.sql.BasicBinder","thread_name":"taskExecutor-1","level":"TRACE","level_value":5000}
{"@timestamp":"2023-06-21T18:55:18.304+05:30","@version":"1","message":"binding parameter [6] as [VARCHAR] - [32 John Doe]","logger_name":"org.hibernate.type.descriptor.sql.BasicBinder","thread_name":"taskExecutor-1","level":"TRACE","level_value":5000}
{"@timestamp":"2023-06-21T18:55:18.304+05:30","@version":"1","message":"binding parameter [7] as [VARCHAR] - [111-3453]","logger_name":"org.hibernate.type.descriptor.sql.BasicBinder","thread_name":"taskExecutor-1","level":"TRACE","level_value":5000}
{"@timestamp":"2023-06-21T18:55:18.306+05:30","@version":"1","message":"insert success::persistApartments","logger_name":"com.eca.catalog.service.impl.CatalogService","thread_name":"taskExecutor-1","level":"INFO","level_value":20000}
{"@timestamp":"2023-06-21T18:55:39.366+05:30","@version":"1","message":"get the apartment details by id::getApartmentById","logger_name":"com.eca.catalog.controller.CatalogController","thread_name":"http-nio-6092-exec-6","level":"INFO","level_value":20000}
{"@timestamp":"2023-06-21T18:55:39.367+05:30","@version":"1","message":"inside the CatalogService::getApartmentById","logger_name":"com.eca.catalog.service.impl.CatalogService","thread_name":"http-nio-6092-exec-6","level":"INFO","level_value":20000}
{"@timestamp":"2023-06-21T18:55:39.537+05:30","@version":"1","message":"binding parameter [1] as [BIGINT] - [1]","logger_name":"org.hibernate.type.descriptor.sql.BasicBinder","thread_name":"http-nio-6092-exec-6","level":"TRACE","level_value":5000}
{"@timestamp":"2023-06-21T18:55:39.541+05:30","@version":"1","message":"extracted value ([apartmen1_1_] : [BIGINT]) - [1]","logger_name":"org.hibernate.type.descriptor.sql.BasicExtractor","thread_name":"http-nio-6092-exec-6","level":"TRACE","level_value":5000}
{"@timestamp":"2023-06-21T18:55:39.548+05:30","@version":"1","message":"extracted value ([apart_na2_1_] : [VARCHAR]) - [techioc Inc]","logger_name":"org.hibernate.type.descriptor.sql.BasicExtractor","thread_name":"http-nio-6092-exec-6","level":"TRACE","level_value":5000}
{"@timestamp":"2023-06-21T18:55:39.549+05:30","@version":"1","message":"extracted value ([reg_date3_1_] : [TIMESTAMP]) - [2023-06-21 18:55:18.16]","logger_name":"org.hibernate.type.descriptor.sql.BasicExtractor","thread_name":"http-nio-6092-exec-6","level":"TRACE","level_value":5000}
{"@timestamp":"2023-06-21T18:55:39.550+05:30","@version":"1","message":"extracted value ([sup_viso4_1_] : [VARCHAR]) - [99641423]","logger_name":"org.hibernate.type.descriptor.sql.BasicExtractor","thread_name":"http-nio-6092-exec-6","level":"TRACE","level_value":5000}
{"@timestamp":"2023-06-21T18:55:39.550+05:30","@version":"1","message":"extracted value ([sup_viso5_1_] : [VARCHAR]) - [jazz]","logger_name":"org.hibernate.type.descriptor.sql.BasicExtractor","thread_name":"http-nio-6092-exec-6","level":"TRACE","level_value":5000}
{"@timestamp":"2023-06-21T18:55:39.552+05:30","@version":"1","message":"extracted value ([total_fl6_1_] : [INTEGER]) - [4]","logger_name":"org.hibernate.type.descriptor.sql.BasicExtractor","thread_name":"http-nio-6092-exec-6","level":"TRACE","level_value":5000}
{"@timestamp":"2023-06-21T18:55:39.558+05:30","@version":"1","message":"binding parameter [1] as [BIGINT] - [1]","logger_name":"org.hibernate.type.descriptor.sql.BasicBinder","thread_name":"http-nio-6092-exec-6","level":"TRACE","level_value":5000}
{"@timestamp":"2023-06-21T18:55:39.559+05:30","@version":"1","message":"extracted value ([apartmen1_1_0_] : [BIGINT]) - [1]","logger_name":"org.hibernate.type.descriptor.sql.BasicExtractor","thread_name":"http-nio-6092-exec-6","level":"TRACE","level_value":5000}
{"@timestamp":"2023-06-21T18:55:39.560+05:30","@version":"1","message":"extracted value ([address_1_0_1_] : [BIGINT]) - [2]","logger_name":"org.hibernate.type.descriptor.sql.BasicExtractor","thread_name":"http-nio-6092-exec-6","level":"TRACE","level_value":5000}
{"@timestamp":"2023-06-21T18:55:39.560+05:30","@version":"1","message":"extracted value ([apartmen8_0_1_] : [BIGINT]) - [1]","logger_name":"org.hibernate.type.descriptor.sql.BasicExtractor","thread_name":"http-nio-6092-exec-6","level":"TRACE","level_value":5000}
{"@timestamp":"2023-06-21T18:55:39.561+05:30","@version":"1","message":"extracted value ([city_nam2_0_1_] : [VARCHAR]) - [karwar]","logger_name":"org.hibernate.type.descriptor.sql.BasicExtractor","thread_name":"http-nio-6092-exec-6","level":"TRACE","level_value":5000}
{"@timestamp":"2023-06-21T18:55:39.561+05:30","@version":"1","message":"extracted value ([contact_3_0_1_] : [VARCHAR]) - [null]","logger_name":"org.hibernate.type.descriptor.sql.BasicExtractor","thread_name":"http-nio-6092-exec-6","level":"TRACE","level_value":5000}
{"@timestamp":"2023-06-21T18:55:39.561+05:30","@version":"1","message":"extracted value ([country_4_0_1_] : [VARCHAR]) - [india]","logger_name":"org.hibernate.type.descriptor.sql.BasicExtractor","thread_name":"http-nio-6092-exec-6","level":"TRACE","level_value":5000}
{"@timestamp":"2023-06-21T18:55:39.561+05:30","@version":"1","message":"extracted value ([state_na5_0_1_] : [VARCHAR]) - [karnataka]","logger_name":"org.hibernate.type.descriptor.sql.BasicExtractor","thread_name":"http-nio-6092-exec-6","level":"TRACE","level_value":5000}
{"@timestamp":"2023-06-21T18:55:39.561+05:30","@version":"1","message":"extracted value ([street_n6_0_1_] : [VARCHAR]) - [32 John Doe]","logger_name":"org.hibernate.type.descriptor.sql.BasicExtractor","thread_name":"http-nio-6092-exec-6","level":"TRACE","level_value":5000}
{"@timestamp":"2023-06-21T18:55:39.562+05:30","@version":"1","message":"extracted value ([zip_code7_0_1_] : [VARCHAR]) - [111-3453]","logger_name":"org.hibernate.type.descriptor.sql.BasicExtractor","thread_name":"http-nio-6092-exec-6","level":"TRACE","level_value":5000}
{"@timestamp":"2023-06-21T18:56:05.085+05:30","@version":"1","message":"get list  of departments api::getApartments","logger_name":"com.eca.catalog.controller.CatalogController","thread_name":"http-nio-6092-exec-7","level":"INFO","level_value":20000}
{"@timestamp":"2023-06-21T18:56:05.096+05:30","@version":"1","message":"inside the CatalogService::getApartments","logger_name":"com.eca.catalog.service.impl.CatalogService","thread_name":"http-nio-6092-exec-7","level":"INFO","level_value":20000}
{"@timestamp":"2023-06-21T18:56:05.103+05:30","@version":"1","message":"extracted value ([apartmen1_1_] : [BIGINT]) - [1]","logger_name":"org.hibernate.type.descriptor.sql.BasicExtractor","thread_name":"http-nio-6092-exec-7","level":"TRACE","level_value":5000}
{"@timestamp":"2023-06-21T18:56:05.104+05:30","@version":"1","message":"extracted value ([apart_na2_1_] : [VARCHAR]) - [techioc Inc]","logger_name":"org.hibernate.type.descriptor.sql.BasicExtractor","thread_name":"http-nio-6092-exec-7","level":"TRACE","level_value":5000}
{"@timestamp":"2023-06-21T18:56:05.104+05:30","@version":"1","message":"extracted value ([reg_date3_1_] : [TIMESTAMP]) - [2023-06-21 18:55:18.16]","logger_name":"org.hibernate.type.descriptor.sql.BasicExtractor","thread_name":"http-nio-6092-exec-7","level":"TRACE","level_value":5000}
{"@timestamp":"2023-06-21T18:56:05.105+05:30","@version":"1","message":"extracted value ([sup_viso4_1_] : [VARCHAR]) - [99641423]","logger_name":"org.hibernate.type.descriptor.sql.BasicExtractor","thread_name":"http-nio-6092-exec-7","level":"TRACE","level_value":5000}
{"@timestamp":"2023-06-21T18:56:05.105+05:30","@version":"1","message":"extracted value ([sup_viso5_1_] : [VARCHAR]) - [jazz]","logger_name":"org.hibernate.type.descriptor.sql.BasicExtractor","thread_name":"http-nio-6092-exec-7","level":"TRACE","level_value":5000}
{"@timestamp":"2023-06-21T18:56:05.105+05:30","@version":"1","message":"extracted value ([total_fl6_1_] : [INTEGER]) - [4]","logger_name":"org.hibernate.type.descriptor.sql.BasicExtractor","thread_name":"http-nio-6092-exec-7","level":"TRACE","level_value":5000}
{"@timestamp":"2023-06-21T18:56:05.106+05:30","@version":"1","message":"binding parameter [1] as [BIGINT] - [1]","logger_name":"org.hibernate.type.descriptor.sql.BasicBinder","thread_name":"http-nio-6092-exec-7","level":"TRACE","level_value":5000}
{"@timestamp":"2023-06-21T18:56:05.106+05:30","@version":"1","message":"extracted value ([apartmen1_1_0_] : [BIGINT]) - [1]","logger_name":"org.hibernate.type.descriptor.sql.BasicExtractor","thread_name":"http-nio-6092-exec-7","level":"TRACE","level_value":5000}
{"@timestamp":"2023-06-21T18:56:05.107+05:30","@version":"1","message":"extracted value ([address_1_0_1_] : [BIGINT]) - [2]","logger_name":"org.hibernate.type.descriptor.sql.BasicExtractor","thread_name":"http-nio-6092-exec-7","level":"TRACE","level_value":5000}
{"@timestamp":"2023-06-21T18:56:05.107+05:30","@version":"1","message":"extracted value ([apartmen8_0_1_] : [BIGINT]) - [1]","logger_name":"org.hibernate.type.descriptor.sql.BasicExtractor","thread_name":"http-nio-6092-exec-7","level":"TRACE","level_value":5000}
{"@timestamp":"2023-06-21T18:56:05.107+05:30","@version":"1","message":"extracted value ([city_nam2_0_1_] : [VARCHAR]) - [karwar]","logger_name":"org.hibernate.type.descriptor.sql.BasicExtractor","thread_name":"http-nio-6092-exec-7","level":"TRACE","level_value":5000}
{"@timestamp":"2023-06-21T18:56:05.107+05:30","@version":"1","message":"extracted value ([contact_3_0_1_] : [VARCHAR]) - [null]","logger_name":"org.hibernate.type.descriptor.sql.BasicExtractor","thread_name":"http-nio-6092-exec-7","level":"TRACE","level_value":5000}
{"@timestamp":"2023-06-21T18:56:05.108+05:30","@version":"1","message":"extracted value ([country_4_0_1_] : [VARCHAR]) - [india]","logger_name":"org.hibernate.type.descriptor.sql.BasicExtractor","thread_name":"http-nio-6092-exec-7","level":"TRACE","level_value":5000}
{"@timestamp":"2023-06-21T18:56:05.108+05:30","@version":"1","message":"extracted value ([state_na5_0_1_] : [VARCHAR]) - [karnataka]","logger_name":"org.hibernate.type.descriptor.sql.BasicExtractor","thread_name":"http-nio-6092-exec-7","level":"TRACE","level_value":5000}
{"@timestamp":"2023-06-21T18:56:05.108+05:30","@version":"1","message":"extracted value ([street_n6_0_1_] : [VARCHAR]) - [32 John Doe]","logger_name":"org.hibernate.type.descriptor.sql.BasicExtractor","thread_name":"http-nio-6092-exec-7","level":"TRACE","level_value":5000}
{"@timestamp":"2023-06-21T18:56:05.108+05:30","@version":"1","message":"extracted value ([zip_code7_0_1_] : [VARCHAR]) - [111-3453]","logger_name":"org.hibernate.type.descriptor.sql.BasicExtractor","thread_name":"http-nio-6092-exec-7","level":"TRACE","level_value":5000}
{"@timestamp":"2023-06-21T19:33:59.851+05:30","@version":"1","message":"HikariPool-1 - Thread starvation or clock leap detected (housekeeper delta=17m21s334ms200s800ns).","logger_name":"com.zaxxer.hikari.pool.HikariPool","thread_name":"HikariPool-1 housekeeper","level":"WARN","level_value":30000}
{"@timestamp":"2023-06-21T19:34:31.053+05:30","@version":"1","message":"HHH000477: Starting delayed evictData of schema as part of SessionFactory shut-down'","logger_name":"org.hibernate.tool.schema.internal.SchemaDropperImpl$DelayedDropActionImpl","thread_name":"SpringApplicationShutdownHook","level":"INFO","level_value":20000}
{"@timestamp":"2023-06-21T19:34:31.060+05:30","@version":"1","message":"Handling #sessionFactoryClosed from [org.hibernate.internal.SessionFactoryImpl@25b402ea] for TypeConfiguration","logger_name":"org.hibernate.type.spi.TypeConfiguration$Scope","thread_name":"SpringApplicationShutdownHook","level":"TRACE","level_value":5000}
{"@timestamp":"2023-06-21T19:34:31.061+05:30","@version":"1","message":"Un-scoping TypeConfiguration [org.hibernate.type.spi.TypeConfiguration$Scope@3cd12fc0] from SessionFactory [org.hibernate.internal.SessionFactoryImpl@25b402ea]","logger_name":"org.hibernate.type.spi.TypeConfiguration$Scope","thread_name":"SpringApplicationShutdownHook","level":"DEBUG","level_value":10000}
{"@timestamp":"2023-06-21T19:34:31.065+05:30","@version":"1","message":"HikariPool-1 - Shutdown initiated...","logger_name":"com.zaxxer.hikari.HikariDataSource","thread_name":"SpringApplicationShutdownHook","level":"INFO","level_value":20000}
{"@timestamp":"2023-06-21T19:34:31.069+05:30","@version":"1","message":"HikariPool-1 - Shutdown completed.","logger_name":"com.zaxxer.hikari.HikariDataSource","thread_name":"SpringApplicationShutdownHook","level":"INFO","level_value":20000}
